2022-05-24 17:59:46.903 - Unchanged
2022-05-26 08:30:09.101 - Unchanged
2022-05-26 08:35:06.984 - Unchanged
2022-06-02 11:47:05.758 - Validation failed: Unable to read new version of tempo/clock/time_pks.dat: Clock file /tmp/astropy-download-24192-5sncxo_8 in format tempo appears to be out of order
2022-06-09 13:27:38.008 - Validation failed: Unable to read new version of tempo/clock/time_pks.dat: Clock file /tmp/astropy-download-10364-7jnkh3d2 in format tempo appears to be out of order
2022-06-16 18:26:27.550 - Validation failed: Unable to read new version of tempo/clock/time_pks.dat: Clock file /tmp/astropy-download-16102-wl7_58mt in format tempo appears to be out of order
2022-06-23 20:34:09.487 - Validation failed: Unable to read new version of tempo/clock/time_pks.dat: Clock file /tmp/astropy-download-1628-9lvowo40 in format tempo appears to be out of order
2022-06-30 20:34:32.763 - Validation failed: Unable to read new version of tempo/clock/time_pks.dat: Clock file /tmp/astropy-download-1748-evkt486o appears to be out of order
2022-07-07 20:34:07.360 - Validation failed: Unable to read new version of tempo/clock/time_pks.dat: Clock file /tmp/astropy-download-1640-8l29dqds appears to be out of order
2022-07-14 20:34:56.831 - Validation failed: Unable to read new version of tempo/clock/time_pks.dat: Clock file /tmp/astropy-download-1679-msdd286f appears to be out of order
2022-07-21 20:36:18.364 - Validation failed: Unable to read new version of tempo/clock/time_pks.dat: Clock file /tmp/astropy-download-2016-9yjuxc1r appears to be out of order
2022-07-28 20:35:31.301 - Validation failed: Unable to read new version of tempo/clock/time_pks.dat: Clock file /tmp/astropy-download-1680-r06lf7o3 appears to be out of order
2022-08-04 20:34:41.857 - Validation failed: Unable to read new version of tempo/clock/time_pks.dat: Clock file /tmp/astropy-download-1668-z0equg7z appears to be out of order
2022-08-11 20:33:40.663 - Validation failed: Unable to read new version of tempo/clock/time_pks.dat: Clock file /tmp/astropy-download-1654-kb8uhgqd appears to be out of order
2022-08-18 20:36:52.446 - Validation failed: Unable to read new version of tempo/clock/time_pks.dat: Clock file /tmp/astropy-download-1707-2tdw70nb appears to be out of order
2022-08-25 20:34:57.712 - Validation failed: Unable to read new version of tempo/clock/time_pks.dat: Clock file /tmp/astropy-download-1692-lv4itl02 appears to be out of order
2022-09-01 20:35:43.659 - Validation failed: Unable to read new version of tempo/clock/time_pks.dat: Clock file /tmp/astropy-download-1662-_mam1wgo appears to be out of order
2022-09-08 20:39:25.855 - Validation failed: Unable to read new version of tempo/clock/time_pks.dat: Clock file /tmp/astropy-download-1540-5jc05c_g appears to be out of order
2022-09-15 20:41:00.949 - Validation failed: Unable to read new version of tempo/clock/time_pks.dat: Clock file /tmp/astropy-download-1665-hg0o4nmt appears to be out of order
2022-09-22 20:39:27.672 - Validation failed: Unable to read new version of tempo/clock/time_pks.dat: Clock file /tmp/astropy-download-1731-md2w727v appears to be out of order
2022-09-29 20:43:08.532 - Validation failed: Unable to read new version of tempo/clock/time_pks.dat: Clock file /tmp/astropy-download-1670-yxq_zqy5 appears to be out of order
2022-10-06 20:41:55.213 - Validation failed: Unable to read new version of tempo/clock/time_pks.dat: Clock file /tmp/astropy-download-1835-pho_7rq0 appears to be out of order
2022-10-13 20:42:39.419 - Validation failed: Unable to read new version of tempo/clock/time_pks.dat: Clock file /tmp/astropy-download-1866-tj60jprm appears to be out of order
2022-10-20 20:43:24.005 - Validation failed: Unable to read new version of tempo/clock/time_pks.dat: Clock file /tmp/astropy-download-1652-27gyt_v6 appears to be out of order
2022-10-27 20:36:42.849 - Validation failed: Unable to read new version of tempo/clock/time_pks.dat: Clock file /tmp/astropy-download-1691-at8r2wvm appears to be out of order
2022-11-03 20:28:54.064 - Validation failed: Unable to read new version of tempo/clock/time_pks.dat: Clock file /tmp/astropy-download-1727-bruta8nv appears to be out of order
2022-11-10 20:35:54.665 - Validation failed: Unable to read new version of tempo/clock/time_pks.dat: Clock file /tmp/astropy-download-1743-kjo8tfp_ appears to be out of order
2022-11-17 20:32:53.530 - Validation failed: Unable to read new version of tempo/clock/time_pks.dat: Clock file /tmp/astropy-download-1723-nigfpa8k appears to be out of order
2022-11-24 20:30:34.986 - Validation failed: Unable to read new version of tempo/clock/time_pks.dat: Clock file /tmp/astropy-download-1724-0x4a501_ appears to be out of order
2022-12-01 20:29:03.987 - Validation failed: Unable to read new version of tempo/clock/time_pks.dat: Clock file /tmp/astropy-download-1768-6q0flo0n appears to be out of order
2022-12-08 20:29:27.412 - Validation failed: Unable to read new version of tempo/clock/time_pks.dat: Clock file /tmp/astropy-download-1728-n1jp_oud appears to be out of order
2022-12-15 20:27:53.701 - Validation failed: Unable to read new version of tempo/clock/time_pks.dat: Clock file /tmp/astropy-download-1831-0dmpaei6 appears to be out of order
2022-12-22 20:28:29.854 - Validation failed: Unable to read new version of tempo/clock/time_pks.dat: Clock file /tmp/astropy-download-1748-h_90gfw1 appears to be out of order
2022-12-29 20:28:04.476 - Validation failed: Unable to read new version of tempo/clock/time_pks.dat: Clock file /tmp/astropy-download-1761-plyg2d4u appears to be out of order
2023-01-05 20:30:12.824 - Validation failed: Unable to read new version of tempo/clock/time_pks.dat: Clock file /tmp/astropy-download-1760-n6zvu98x appears to be out of order
2023-01-12 20:29:56.319 - Validation failed: Unable to read new version of tempo/clock/time_pks.dat: Clock file /tmp/astropy-download-1768-ocro3wpf appears to be out of order
2023-01-19 20:29:27.268 - Validation failed: Unable to read new version of tempo/clock/time_pks.dat: Clock file /tmp/astropy-download-1776-mnk33jo5 appears to be out of order
2023-01-26 20:27:52.361 - Validation failed: Unable to read new version of tempo/clock/time_pks.dat: Clock file /tmp/astropy-download-1727-mtkw35or appears to be out of order
2023-02-02 20:29:10.866 - Validation failed: Unable to read new version of tempo/clock/time_pks.dat: Clock file /tmp/astropy-download-1774-g45b96pq appears to be out of order
2023-02-09 20:30:00.469 - Validation failed: Unable to read new version of tempo/clock/time_pks.dat: Clock file /tmp/astropy-download-1673-rxt_dgw7 appears to be out of order
2023-02-16 20:29:21.076 - Validation failed: Unable to read new version of tempo/clock/time_pks.dat: Clock file /tmp/astropy-download-1683-dap3d7f_ appears to be out of order
2023-02-23 20:30:38.067 - Validation failed: Unable to read new version of tempo/clock/time_pks.dat: Clock file /tmp/astropy-download-1718-yry0f46l appears to be out of order
2023-03-02 20:30:48.526 - Validation failed: Unable to read new version of tempo/clock/time_pks.dat: Clock file /tmp/astropy-download-1706-_i5l6zu0 appears to be out of order
2023-03-09 20:31:05.060 - Validation failed: Unable to read new version of tempo/clock/time_pks.dat: Clock file /tmp/astropy-download-1730-tvhmpzn8 appears to be out of order
2023-03-16 20:29:09.497 - Validation failed: Unable to read new version of tempo/clock/time_pks.dat: Clock file /tmp/astropy-download-1726-u716fwx7 appears to be out of order
2023-03-23 20:27:47.249 - Validation failed: Unable to read new version of tempo/clock/time_pks.dat: Clock file /tmp/astropy-download-1727-75z30o3m appears to be out of order
2023-03-30 20:27:43.704 - Validation failed: Unable to read new version of tempo/clock/time_pks.dat: Clock file /tmp/astropy-download-1765-h_b0h6bx appears to be out of order
2023-04-06 20:26:12.085 - Validation failed: Unable to read new version of tempo/clock/time_pks.dat: Clock file /tmp/astropy-download-1741-fn3chtxf appears to be out of order
2023-12-07 20:29:42.484 - Validation failed: Unable to read new version of tempo/clock/time_pks.dat: Clock file /tmp/astropy-download-1928-_p30zgf2 appears to be out of order
2023-12-14 20:29:39.230 - Validation failed: Unable to read new version of tempo/clock/time_pks.dat: Clock file /tmp/astropy-download-1915-3v8rlovy appears to be out of order
2023-12-21 20:29:40.474 - Validation failed: Unable to read new version of tempo/clock/time_pks.dat: Clock file /tmp/astropy-download-1821-3k659wi3 appears to be out of order
2023-12-28 20:29:30.527 - Validation failed: Unable to read new version of tempo/clock/time_pks.dat: Clock file /tmp/astropy-download-1937-p5sqsqze appears to be out of order
2024-01-04 20:29:28.434 - Validation failed: Unable to read new version of tempo/clock/time_pks.dat: Clock file /tmp/astropy-download-1932-d4kgqvo7 appears to be out of order
2024-01-11 20:30:15.803 - Validation failed: Unable to read new version of tempo/clock/time_pks.dat: Clock file /tmp/astropy-download-1836-pi4hbxxj appears to be out of order
2024-01-18 20:29:59.171 - Validation failed: Unable to read new version of tempo/clock/time_pks.dat: Clock file /tmp/astropy-download-1811-rrpdm8ca appears to be out of order
2024-01-25 20:29:36.041 - Validation failed: Unable to read new version of tempo/clock/time_pks.dat: Clock file /tmp/astropy-download-1900-0idy_odh appears to be out of order
2024-02-01 20:29:37.102 - Validation failed: Unable to read new version of tempo/clock/time_pks.dat: Clock file /tmp/astropy-download-1816-okvvhk9o appears to be out of order
2024-02-08 20:29:41.805 - Validation failed: Unable to read new version of tempo/clock/time_pks.dat: Clock file /tmp/astropy-download-1793-uoj6xi3x appears to be out of order
2024-02-15 20:29:55.562 - Validation failed: Unable to read new version of tempo/clock/time_pks.dat: Clock file /tmp/astropy-download-1800-q4luxsyy appears to be out of order
