2022-05-24 15:36:39.494 - Unchanged
2022-05-24 16:28:58.063 - Unchanged
2022-05-24 17:59:42.356 - Unchanged
2022-05-26 08:18:46.068 - Updated
2022-05-26 08:24:34.193 - Unchanged
2022-05-26 08:25:44.334 - Unchanged
2022-05-26 08:30:03.621 - Unchanged
2022-05-26 08:35:00.696 - Unchanged
2022-05-31 11:30:47.824 - Updated
2022-06-01 11:50:23.149 - Unchanged
2022-06-02 11:46:30.678 - Updated
2022-06-07 13:34:26.629 - Updated
2022-06-08 17:10:52.665 - Updated
2022-06-13 13:42:09.608 - Updated
2022-06-15 16:45:23.965 - Updated
2022-06-16 18:26:16.941 - Updated
2022-06-17 20:36:23.900 - Updated
2022-06-18 20:31:48.893 - Updated
2022-06-19 20:32:41.838 - Updated
2022-06-20 20:34:08.753 - Updated
2022-06-21 20:33:33.331 - Updated
2022-06-22 20:32:52.536 - Updated
2022-06-23 20:34:02.053 - Updated
2022-06-27 10:52:29.022 - Updated
2022-06-28 20:35:07.521 - Updated
2022-06-29 20:36:06.141 - Updated
2022-06-30 20:34:24.619 - Updated
2022-07-01 20:35:04.541 - Updated
2022-07-02 20:32:17.135 - Validation failed: New version of tempo/clock/time_gbt.dat clock corrections differ from old version where they overlap in 1 places
2022-07-03 20:31:45.869 - Validation failed: New version of tempo/clock/time_gbt.dat clock corrections differ from old version where they overlap in 1 places
2022-07-04 14:49:32.673 - Validation failed: New version of tempo/clock/time_gbt.dat clock corrections differ from old version where they overlap in 1 places
2022-07-04 14:49:32.674 - Updated overriding validation failure
2022-07-05 20:34:42.061 - Updated
2022-07-06 20:33:07.912 - Updated
2022-07-07 20:33:58.756 - Updated
2022-07-08 20:37:49.771 - Updated
2022-07-09 20:31:55.563 - Updated
2022-07-10 20:32:34.614 - Updated
2022-07-11 20:34:32.996 - Updated
2022-07-12 20:36:39.726 - Updated
2022-07-13 20:34:14.104 - Updated
2022-07-14 20:34:53.886 - Updated
2022-07-15 20:34:27.404 - Updated
2022-07-16 20:32:14.926 - Updated
2022-07-17 20:32:43.619 - Updated
2022-07-18 20:34:26.357 - Updated
2022-07-19 20:35:02.924 - Updated
2022-07-20 20:36:46.575 - Updated
2022-07-21 20:36:14.996 - Updated
2022-07-22 20:35:18.570 - Updated
2022-07-23 20:33:48.530 - Updated
2022-07-24 20:34:22.837 - Updated
2022-07-25 20:33:26.969 - Updated
2022-07-26 20:32:24.915 - Updated
2022-07-27 20:32:57.847 - Updated
2022-07-28 20:35:28.429 - Updated
2022-07-29 20:35:58.517 - Updated
2022-07-30 20:32:10.621 - Updated
2022-07-31 20:33:29.410 - Updated
2022-08-01 20:37:40.878 - Updated
2022-08-02 20:33:42.762 - Validation failed: New version of tempo/clock/time_gbt.dat clock corrections differ from old version where they overlap in 1 places
2022-08-03 20:34:43.782 - Validation failed: New version of tempo/clock/time_gbt.dat clock corrections differ from old version where they overlap in 1 places
2022-08-04 20:34:37.508 - Validation failed: New version of tempo/clock/time_gbt.dat clock corrections differ from old version where they overlap in 1 places
2022-08-05 20:33:58.412 - Validation failed: New version of tempo/clock/time_gbt.dat clock corrections differ from old version where they overlap in 1 places
2022-08-06 20:32:43.267 - Validation failed: New version of tempo/clock/time_gbt.dat clock corrections differ from old version where they overlap in 1 places
2022-08-07 20:33:30.958 - Validation failed: New version of tempo/clock/time_gbt.dat clock corrections differ from old version where they overlap in 1 places
2022-08-08 20:35:11.388 - Validation failed: New version of tempo/clock/time_gbt.dat clock corrections differ from old version where they overlap in 1 places
2022-08-09 20:35:12.602 - Validation failed: New version of tempo/clock/time_gbt.dat clock corrections differ from old version where they overlap in 1 places
2022-08-10 20:34:02.752 - Validation failed: New version of tempo/clock/time_gbt.dat clock corrections differ from old version where they overlap in 1 places
2022-08-11 20:33:37.932 - Validation failed: New version of tempo/clock/time_gbt.dat clock corrections differ from old version where they overlap in 1 places
2022-08-12 20:33:40.817 - Validation failed: New version of tempo/clock/time_gbt.dat clock corrections differ from old version where they overlap in 1 places
2022-08-13 20:33:33.919 - Validation failed: New version of tempo/clock/time_gbt.dat clock corrections differ from old version where they overlap in 1 places
2022-08-14 20:32:48.051 - Validation failed: New version of tempo/clock/time_gbt.dat clock corrections differ from old version where they overlap in 1 places
2022-08-15 20:34:10.122 - Validation failed: New version of tempo/clock/time_gbt.dat clock corrections differ from old version where they overlap in 1 places
2022-08-16 20:33:24.279 - Validation failed: New version of tempo/clock/time_gbt.dat clock corrections differ from old version where they overlap in 1 places
2022-08-17 20:34:03.480 - Validation failed: New version of tempo/clock/time_gbt.dat clock corrections differ from old version where they overlap in 1 places
2022-08-18 20:36:45.468 - Validation failed: New version of tempo/clock/time_gbt.dat clock corrections differ from old version where they overlap in 1 places
2022-08-19 20:35:02.458 - Validation failed: New version of tempo/clock/time_gbt.dat clock corrections differ from old version where they overlap in 1 places
2022-08-20 20:33:20.858 - Validation failed: New version of tempo/clock/time_gbt.dat clock corrections differ from old version where they overlap in 1 places
2022-08-21 20:33:33.863 - Validation failed: New version of tempo/clock/time_gbt.dat clock corrections differ from old version where they overlap in 1 places
2022-08-22 20:33:34.392 - Validation failed: New version of tempo/clock/time_gbt.dat clock corrections differ from old version where they overlap in 1 places
2022-08-23 20:34:34.756 - Validation failed: New version of tempo/clock/time_gbt.dat clock corrections differ from old version where they overlap in 1 places
2022-08-24 20:34:33.836 - Validation failed: New version of tempo/clock/time_gbt.dat clock corrections differ from old version where they overlap in 1 places
2022-08-25 20:34:52.711 - Validation failed: New version of tempo/clock/time_gbt.dat clock corrections differ from old version where they overlap in 1 places
2022-08-26 20:34:37.350 - Validation failed: New version of tempo/clock/time_gbt.dat clock corrections differ from old version where they overlap in 1 places
2022-08-27 20:33:44.835 - Validation failed: New version of tempo/clock/time_gbt.dat clock corrections differ from old version where they overlap in 1 places
2022-08-28 20:34:12.413 - Validation failed: New version of tempo/clock/time_gbt.dat clock corrections differ from old version where they overlap in 1 places
2022-08-29 20:35:23.989 - Validation failed: New version of tempo/clock/time_gbt.dat clock corrections differ from old version where they overlap in 1 places
2022-08-30 20:35:28.495 - Validation failed: New version of tempo/clock/time_gbt.dat clock corrections differ from old version where they overlap in 1 places
2022-08-31 16:37:46.402 - Updated
2022-09-01 20:35:41.095 - Updated
2022-09-02 20:34:53.206 - Updated
2022-09-03 20:34:23.288 - Updated
2022-09-04 20:35:17.025 - Updated
2022-09-05 20:35:29.421 - Updated
2022-09-06 20:35:59.335 - Updated
2022-09-07 20:40:06.476 - Updated
2022-09-08 20:39:22.591 - Updated
2022-09-09 20:38:13.338 - Updated
2022-09-10 20:36:43.384 - Updated
2022-09-11 20:36:52.132 - Updated
2022-09-12 20:38:21.645 - Updated
2022-09-13 20:37:38.154 - Updated
2022-09-14 20:39:52.526 - Updated
2022-09-15 20:40:58.055 - Updated
2022-09-16 20:38:10.288 - Updated
2022-09-17 20:36:45.098 - Updated
2022-09-18 20:37:36.165 - Updated
2022-09-19 20:40:29.461 - Updated
2022-09-20 20:39:15.581 - Updated
2022-09-21 20:38:52.496 - Updated
2022-09-22 20:39:24.936 - Updated
2022-09-23 20:39:07.958 - Updated
2022-09-24 20:37:27.318 - Updated
2022-09-25 20:37:44.747 - Updated
2022-09-26 20:39:23.953 - Updated
2022-09-27 20:41:45.004 - Updated
2022-09-28 20:41:24.413 - Updated
2022-09-29 20:43:05.621 - Updated
2022-09-30 20:41:31.444 - Updated
2022-10-01 20:40:09.042 - Updated
2022-10-02 20:39:40.066 - Updated
2022-10-03 20:42:12.682 - Updated
2022-10-04 20:43:59.322 - Updated
2022-10-05 20:42:13.674 - Updated
2022-10-06 20:41:51.320 - Updated
2022-10-07 20:41:30.638 - Updated
2022-10-08 20:39:39.511 - Updated
2022-10-09 20:40:37.315 - Updated
2022-10-10 20:41:52.818 - Updated
2022-10-11 20:43:28.245 - Updated
2022-10-12 20:43:13.648 - Updated
2022-10-13 20:42:36.488 - Updated
2022-10-14 20:45:27.746 - Updated
2022-10-15 20:40:47.329 - Updated
2022-10-16 20:41:16.321 - Updated
2022-10-17 20:42:40.189 - Updated
2022-10-18 20:42:55.717 - Updated
2022-10-19 20:43:35.192 - Updated
2022-10-20 20:43:21.563 - Updated
2022-10-21 20:41:58.289 - Updated
2022-10-22 20:41:22.887 - Updated
2022-10-23 20:41:35.922 - Updated
2022-10-24 20:43:25.323 - Updated
2022-10-25 20:44:30.357 - Updated
2022-10-26 20:37:20.858 - Updated
2022-10-27 20:36:39.939 - Updated
2022-10-28 20:37:47.355 - Updated
2022-10-29 20:35:15.099 - Updated
2022-10-30 20:35:46.102 - Updated
2022-10-31 20:37:51.004 - Updated
2022-11-01 20:38:00.240 - Updated
2022-11-02 20:34:09.416 - Updated
2022-11-03 20:28:51.283 - Updated
2022-11-04 20:36:42.367 - Updated
2022-11-05 20:35:36.308 - Updated
2022-11-06 20:33:42.662 - Updated
2022-11-07 20:35:54.719 - Updated
2022-11-08 20:36:20.083 - Updated
2022-11-09 20:34:49.237 - Updated
2022-11-10 20:35:51.770 - Updated
2022-11-11 20:34:49.765 - Updated
2022-11-12 20:33:44.587 - Updated
2022-11-13 20:33:40.754 - Updated
2022-11-14 20:34:23.861 - Updated
2022-11-15 20:33:01.972 - Updated
2022-11-16 20:32:58.893 - Updated
2022-11-17 20:32:49.044 - Updated
2022-11-18 20:32:39.791 - Updated
2022-11-19 20:32:05.327 - Updated
2022-11-20 20:31:46.286 - Updated
2022-11-21 20:30:53.967 - Updated
2022-11-22 20:30:46.909 - Updated
2022-11-23 20:30:46.828 - Updated
2022-11-24 20:30:28.888 - Updated
2022-11-25 20:30:38.371 - Updated
2022-11-26 20:30:01.124 - Updated
2022-11-27 20:30:04.461 - Updated
2022-11-28 20:30:15.489 - Updated
2022-11-29 20:29:57.285 - Updated
2022-11-30 20:31:22.425 - Updated
2022-12-01 20:28:53.049 - Updated
2022-12-02 20:29:10.361 - Updated
2022-12-03 20:28:11.021 - Updated
2022-12-04 20:28:36.630 - Updated
2022-12-05 20:29:47.933 - Updated
2022-12-06 20:28:47.977 - Updated
2022-12-07 20:29:39.339 - Updated
2022-12-08 20:29:24.198 - Updated
2022-12-09 20:32:48.467 - Updated
2022-12-10 20:28:49.870 - Updated
2022-12-11 20:28:52.070 - Updated
2022-12-12 20:29:18.053 - Updated
2022-12-13 20:30:05.422 - Updated
2022-12-14 20:29:45.926 - Updated
2022-12-15 20:27:47.054 - Updated
2022-12-16 20:28:06.848 - Updated
2022-12-17 20:27:00.673 - Updated
2022-12-18 20:27:12.277 - Updated
2022-12-19 20:29:19.946 - Updated
2022-12-20 20:28:22.850 - Updated
2022-12-21 20:28:11.693 - Updated
2022-12-22 20:28:26.921 - Updated
2022-12-23 20:28:20.808 - Updated
2022-12-24 20:26:55.200 - Updated
2022-12-25 20:26:51.910 - Updated
2022-12-26 20:27:34.426 - Updated
2022-12-27 20:27:43.263 - Updated
2022-12-28 20:27:37.235 - Updated
2022-12-29 20:27:57.021 - Updated
2022-12-30 20:27:23.034 - Updated
2022-12-31 20:26:38.850 - Updated
2023-01-01 20:27:23.979 - Updated
2023-01-02 20:27:38.705 - Updated
2023-01-03 20:28:56.206 - Updated
2023-01-04 20:29:15.991 - Updated
2023-01-05 20:30:04.251 - Updated
2023-01-06 20:28:37.108 - Updated
2023-01-07 20:27:05.990 - Updated
2023-01-08 20:27:16.784 - Updated
2023-01-09 20:30:48.466 - Updated
2023-01-10 20:29:07.308 - Updated
2023-01-11 20:29:42.507 - Updated
2023-01-12 20:29:52.915 - Updated
2023-01-13 20:29:24.581 - Updated
2023-01-14 20:27:22.455 - Updated
2023-01-15 20:27:18.540 - Updated
2023-01-16 20:28:26.493 - Updated
2023-01-17 20:27:46.566 - Updated
2023-01-18 20:29:04.299 - Updated
2023-01-19 20:29:23.900 - Updated
2023-01-20 20:28:54.922 - Updated
2023-01-21 20:26:59.760 - Updated
2023-01-22 20:27:45.194 - Updated
2023-01-23 20:28:47.238 - Updated
2023-01-24 20:28:14.665 - Updated
2023-01-25 20:28:07.861 - Updated
2023-01-26 20:27:49.187 - Updated
2023-01-27 20:28:26.536 - Updated
2023-01-28 20:26:53.048 - Updated
2023-01-29 20:26:45.679 - Updated
2023-01-30 20:28:55.522 - Updated
2023-01-31 20:28:55.535 - Updated
2023-02-01 20:29:15.043 - Updated
2023-02-02 20:29:05.542 - Updated
2023-02-03 20:28:50.828 - Updated
2023-02-04 20:27:12.809 - Updated
2023-02-05 20:27:09.738 - Updated
2023-02-06 20:29:46.237 - Updated
2023-02-07 20:29:11.472 - Updated
2023-02-08 20:29:36.767 - Updated
2023-02-09 20:29:57.069 - Updated
2023-02-10 20:29:37.661 - Updated
2023-02-11 20:27:37.056 - Updated
2023-02-12 20:28:20.977 - Updated
2023-02-13 20:30:38.285 - Updated
2023-02-14 20:29:41.833 - Updated
2023-02-15 20:29:54.183 - Updated
2023-02-16 20:29:15.797 - Updated
2023-02-17 20:29:50.336 - Updated
2023-02-18 20:28:19.566 - Updated
2023-02-19 20:28:37.090 - Updated
2023-02-20 20:29:00.956 - Updated
2023-02-21 20:30:26.687 - Updated
2023-02-22 20:29:59.204 - Updated
2023-02-23 20:30:34.052 - Updated
2023-02-24 20:30:16.689 - Updated
2023-02-25 20:29:15.298 - Updated
2023-02-26 20:28:44.522 - Updated
2023-02-27 20:30:43.405 - Updated
2023-02-28 20:30:53.273 - Updated
2023-03-01 20:30:49.461 - Updated
2023-03-02 20:30:45.609 - Updated
2023-03-03 20:29:52.340 - Updated
2023-03-04 20:28:06.195 - Updated
2023-03-05 20:28:30.458 - Updated
2023-03-06 20:30:58.081 - Updated
2023-03-07 20:30:36.303 - Updated
2023-03-08 20:30:14.961 - Updated
2023-03-09 20:30:56.858 - Updated
2023-03-10 20:28:33.653 - Updated
2023-03-11 20:27:27.076 - Updated
2023-03-12 20:27:26.002 - Updated
2023-03-13 20:28:36.330 - Updated
2023-03-14 20:34:47.285 - Updated
2023-03-15 20:29:30.413 - Updated
2023-03-16 20:29:06.327 - Updated
2023-03-17 20:28:55.067 - Updated
2023-03-18 20:27:22.644 - Updated
2023-03-19 20:28:07.770 - Updated
2023-03-20 20:27:17.269 - Updated
2023-03-21 20:26:24.411 - Updated
2023-03-22 20:26:16.613 - Validation failed: New version of tempo/clock/time_gbt.dat clock corrections differ from old version where they overlap in 1 places
2023-03-23 20:27:44.221 - Validation failed: New version of tempo/clock/time_gbt.dat clock corrections differ from old version where they overlap in 1 places
2023-03-24 20:27:47.181 - Validation failed: New version of tempo/clock/time_gbt.dat clock corrections differ from old version where they overlap in 2 places
2023-03-25 20:26:24.443 - Validation failed: New version of tempo/clock/time_gbt.dat clock corrections differ from old version where they overlap in 2 places
2023-03-26 20:26:04.378 - Validation failed: New version of tempo/clock/time_gbt.dat clock corrections differ from old version where they overlap in 3 places
2023-03-27 20:29:27.113 - Validation failed: New version of tempo/clock/time_gbt.dat clock corrections differ from old version where they overlap in 3 places
2023-03-28 20:28:20.874 - Validation failed: New version of tempo/clock/time_gbt.dat clock corrections differ from old version where they overlap in 4 places
2023-03-29 20:28:29.980 - Validation failed: New version of tempo/clock/time_gbt.dat clock corrections differ from old version where they overlap in 4 places
2023-03-30 20:27:38.810 - Validation failed: New version of tempo/clock/time_gbt.dat clock corrections differ from old version where they overlap in 5 places
2023-03-31 20:25:39.710 - Validation failed: New version of tempo/clock/time_gbt.dat clock corrections differ from old version where they overlap in 5 places
2023-04-01 20:25:31.467 - Validation failed: New version of tempo/clock/time_gbt.dat has decreased from 8001 to 7999 measurements.
2023-04-02 20:24:49.456 - Validation failed: New version of tempo/clock/time_gbt.dat MJDs differ from old version where they overlap in 2 places
2023-04-03 20:26:04.661 - Validation failed: New version of tempo/clock/time_gbt.dat MJDs differ from old version where they overlap in 2 places
2023-04-04 20:27:41.007 - Validation failed: New version of tempo/clock/time_gbt.dat MJDs differ from old version where they overlap in 2 places
2023-04-05 20:28:47.964 - Validation failed: New version of tempo/clock/time_gbt.dat MJDs differ from old version where they overlap in 2 places
2023-04-06 20:26:07.222 - Validation failed: New version of tempo/clock/time_gbt.dat MJDs differ from old version where they overlap in 2 places
2023-04-07 20:25:42.042 - Validation failed: New version of tempo/clock/time_gbt.dat MJDs differ from old version where they overlap in 2 places
2023-04-08 20:25:15.219 - Validation failed: New version of tempo/clock/time_gbt.dat MJDs differ from old version where they overlap in 2 places
2023-04-09 20:25:00.975 - Validation failed: New version of tempo/clock/time_gbt.dat MJDs differ from old version where they overlap in 2 places
2023-04-10 20:26:07.097 - Validation failed: New version of tempo/clock/time_gbt.dat MJDs differ from old version where they overlap in 2 places
2023-04-11 20:26:05.229 - Validation failed: New version of tempo/clock/time_gbt.dat MJDs differ from old version where they overlap in 2 places
2023-04-12 20:26:22.106 - Validation failed: New version of tempo/clock/time_gbt.dat MJDs differ from old version where they overlap in 2 places
2023-12-07 20:29:33.594 - Validation failed: New version of tempo/clock/time_gbt.dat clock corrections differ from old version where they overlap in 11 places
2023-12-08 20:29:40.771 - Validation failed: New version of tempo/clock/time_gbt.dat clock corrections differ from old version where they overlap in 11 places
2023-12-09 20:29:18.145 - Validation failed: New version of tempo/clock/time_gbt.dat clock corrections differ from old version where they overlap in 11 places
2023-12-10 20:29:49.239 - Validation failed: New version of tempo/clock/time_gbt.dat clock corrections differ from old version where they overlap in 11 places
2023-12-11 20:29:41.812 - Validation failed: New version of tempo/clock/time_gbt.dat clock corrections differ from old version where they overlap in 11 places
2023-12-12 20:29:38.897 - Validation failed: New version of tempo/clock/time_gbt.dat clock corrections differ from old version where they overlap in 11 places
2023-12-13 20:29:44.567 - Validation failed: New version of tempo/clock/time_gbt.dat clock corrections differ from old version where they overlap in 11 places
2023-12-14 20:29:30.148 - Validation failed: New version of tempo/clock/time_gbt.dat clock corrections differ from old version where they overlap in 11 places
2023-12-15 20:30:04.524 - Validation failed: New version of tempo/clock/time_gbt.dat clock corrections differ from old version where they overlap in 11 places
2023-12-16 20:29:42.175 - Validation failed: New version of tempo/clock/time_gbt.dat clock corrections differ from old version where they overlap in 11 places
2023-12-17 20:29:33.716 - Validation failed: New version of tempo/clock/time_gbt.dat clock corrections differ from old version where they overlap in 11 places
2023-12-18 20:29:37.499 - Validation failed: New version of tempo/clock/time_gbt.dat clock corrections differ from old version where they overlap in 11 places
2023-12-19 20:29:21.780 - Validation failed: New version of tempo/clock/time_gbt.dat clock corrections differ from old version where they overlap in 11 places
2023-12-20 20:29:45.177 - Validation failed: New version of tempo/clock/time_gbt.dat clock corrections differ from old version where they overlap in 11 places
2023-12-21 20:29:31.189 - Validation failed: New version of tempo/clock/time_gbt.dat clock corrections differ from old version where they overlap in 11 places
2023-12-22 20:29:47.075 - Validation failed: New version of tempo/clock/time_gbt.dat clock corrections differ from old version where they overlap in 11 places
2023-12-23 20:29:45.141 - Validation failed: New version of tempo/clock/time_gbt.dat clock corrections differ from old version where they overlap in 11 places
2023-12-24 20:29:35.364 - Validation failed: New version of tempo/clock/time_gbt.dat clock corrections differ from old version where they overlap in 11 places
2023-12-25 20:29:51.581 - Validation failed: New version of tempo/clock/time_gbt.dat clock corrections differ from old version where they overlap in 11 places
2023-12-26 20:29:23.972 - Validation failed: New version of tempo/clock/time_gbt.dat clock corrections differ from old version where they overlap in 11 places
2023-12-27 20:29:34.530 - Validation failed: New version of tempo/clock/time_gbt.dat clock corrections differ from old version where they overlap in 11 places
2023-12-28 20:29:19.328 - Validation failed: New version of tempo/clock/time_gbt.dat clock corrections differ from old version where they overlap in 11 places
2023-12-29 20:29:24.779 - Validation failed: New version of tempo/clock/time_gbt.dat clock corrections differ from old version where they overlap in 11 places
2023-12-30 20:29:14.426 - Validation failed: New version of tempo/clock/time_gbt.dat clock corrections differ from old version where they overlap in 11 places
2023-12-31 20:29:18.288 - Validation failed: New version of tempo/clock/time_gbt.dat clock corrections differ from old version where they overlap in 11 places
2024-01-01 20:29:36.039 - Validation failed: New version of tempo/clock/time_gbt.dat clock corrections differ from old version where they overlap in 11 places
2024-01-02 20:29:24.517 - Validation failed: New version of tempo/clock/time_gbt.dat clock corrections differ from old version where they overlap in 11 places
2024-01-03 20:29:24.629 - Validation failed: New version of tempo/clock/time_gbt.dat clock corrections differ from old version where they overlap in 11 places
2024-01-04 20:29:20.317 - Validation failed: New version of tempo/clock/time_gbt.dat clock corrections differ from old version where they overlap in 11 places
2024-01-05 20:29:32.531 - Validation failed: New version of tempo/clock/time_gbt.dat clock corrections differ from old version where they overlap in 11 places
2024-01-06 20:29:21.015 - Validation failed: New version of tempo/clock/time_gbt.dat clock corrections differ from old version where they overlap in 11 places
2024-01-07 20:29:43.962 - Validation failed: New version of tempo/clock/time_gbt.dat clock corrections differ from old version where they overlap in 11 places
2024-01-08 20:29:51.024 - Validation failed: New version of tempo/clock/time_gbt.dat clock corrections differ from old version where they overlap in 11 places
2024-01-09 20:29:18.779 - Validation failed: New version of tempo/clock/time_gbt.dat clock corrections differ from old version where they overlap in 11 places
2024-01-10 20:29:35.153 - Validation failed: New version of tempo/clock/time_gbt.dat clock corrections differ from old version where they overlap in 11 places
2024-01-11 20:30:04.668 - Validation failed: New version of tempo/clock/time_gbt.dat clock corrections differ from old version where they overlap in 11 places
2024-01-12 20:29:21.766 - Validation failed: New version of tempo/clock/time_gbt.dat clock corrections differ from old version where they overlap in 11 places
2024-01-13 20:29:54.566 - Validation failed: New version of tempo/clock/time_gbt.dat clock corrections differ from old version where they overlap in 11 places
2024-01-14 20:29:18.916 - Validation failed: New version of tempo/clock/time_gbt.dat clock corrections differ from old version where they overlap in 11 places
2024-01-15 20:29:53.885 - Validation failed: New version of tempo/clock/time_gbt.dat clock corrections differ from old version where they overlap in 11 places
2024-01-16 20:29:37.983 - Validation failed: New version of tempo/clock/time_gbt.dat clock corrections differ from old version where they overlap in 11 places
2024-01-17 20:29:47.115 - Validation failed: New version of tempo/clock/time_gbt.dat clock corrections differ from old version where they overlap in 11 places
2024-01-18 20:29:50.315 - Validation failed: New version of tempo/clock/time_gbt.dat clock corrections differ from old version where they overlap in 11 places
2024-01-19 20:29:17.994 - Validation failed: New version of tempo/clock/time_gbt.dat clock corrections differ from old version where they overlap in 11 places
2024-01-20 20:29:38.116 - Validation failed: New version of tempo/clock/time_gbt.dat clock corrections differ from old version where they overlap in 11 places
2024-01-21 20:29:25.910 - Validation failed: New version of tempo/clock/time_gbt.dat clock corrections differ from old version where they overlap in 11 places
2024-01-22 20:29:44.867 - Validation failed: New version of tempo/clock/time_gbt.dat clock corrections differ from old version where they overlap in 11 places
2024-01-23 20:29:49.501 - Validation failed: New version of tempo/clock/time_gbt.dat clock corrections differ from old version where they overlap in 11 places
2024-01-24 20:30:59.475 - Validation failed: New version of tempo/clock/time_gbt.dat clock corrections differ from old version where they overlap in 11 places
2024-01-25 20:29:27.762 - Validation failed: New version of tempo/clock/time_gbt.dat clock corrections differ from old version where they overlap in 11 places
2024-01-26 20:29:33.387 - Validation failed: New version of tempo/clock/time_gbt.dat clock corrections differ from old version where they overlap in 11 places
2024-01-27 20:29:23.175 - Validation failed: New version of tempo/clock/time_gbt.dat clock corrections differ from old version where they overlap in 11 places
2024-01-28 20:29:43.668 - Validation failed: New version of tempo/clock/time_gbt.dat clock corrections differ from old version where they overlap in 11 places
2024-01-29 20:29:40.498 - Validation failed: New version of tempo/clock/time_gbt.dat clock corrections differ from old version where they overlap in 11 places
2024-01-30 20:29:33.580 - Validation failed: New version of tempo/clock/time_gbt.dat clock corrections differ from old version where they overlap in 11 places
2024-01-31 20:29:20.584 - Validation failed: New version of tempo/clock/time_gbt.dat clock corrections differ from old version where they overlap in 11 places
2024-02-01 20:29:27.963 - Validation failed: New version of tempo/clock/time_gbt.dat clock corrections differ from old version where they overlap in 11 places
2024-02-02 20:29:34.080 - Validation failed: New version of tempo/clock/time_gbt.dat clock corrections differ from old version where they overlap in 11 places
2024-02-03 20:29:19.542 - Validation failed: New version of tempo/clock/time_gbt.dat clock corrections differ from old version where they overlap in 11 places
2024-02-04 20:29:57.030 - Validation failed: New version of tempo/clock/time_gbt.dat clock corrections differ from old version where they overlap in 11 places
2024-02-05 20:29:36.542 - Validation failed: New version of tempo/clock/time_gbt.dat clock corrections differ from old version where they overlap in 11 places
2024-02-06 20:29:29.568 - Validation failed: New version of tempo/clock/time_gbt.dat clock corrections differ from old version where they overlap in 11 places
2024-02-07 20:29:35.592 - Validation failed: New version of tempo/clock/time_gbt.dat clock corrections differ from old version where they overlap in 11 places
2024-02-08 20:29:33.652 - Validation failed: New version of tempo/clock/time_gbt.dat clock corrections differ from old version where they overlap in 11 places
2024-02-09 20:29:44.388 - Validation failed: New version of tempo/clock/time_gbt.dat clock corrections differ from old version where they overlap in 11 places
2024-02-10 20:29:46.533 - Validation failed: New version of tempo/clock/time_gbt.dat clock corrections differ from old version where they overlap in 11 places
2024-02-11 20:29:38.960 - Validation failed: New version of tempo/clock/time_gbt.dat clock corrections differ from old version where they overlap in 11 places
2024-02-12 20:29:41.143 - Validation failed: New version of tempo/clock/time_gbt.dat clock corrections differ from old version where they overlap in 11 places
2024-02-13 20:30:16.364 - Validation failed: New version of tempo/clock/time_gbt.dat clock corrections differ from old version where they overlap in 11 places
2024-02-14 18:47:24.340 - Unchanged
2024-02-15 20:29:47.296 - Updated
2024-02-16 20:29:21.847 - Updated
2024-02-17 20:29:43.530 - Updated
2024-02-18 20:29:28.187 - Updated
2024-02-19 20:29:35.843 - Updated
2024-02-20 20:29:22.843 - Validation failed: New version of tempo/clock/time_gbt.dat clock corrections differ from old version where they overlap in 11 places
2024-02-21 20:29:46.153 - Updated
2024-02-22 20:29:47.934 - Updated
2024-02-23 20:29:26.181 - Updated
2024-02-24 20:29:32.812 - Updated
2024-02-25 20:29:22.809 - Updated
2024-02-26 20:29:28.452 - Updated
2024-02-27 20:29:19.817 - Updated
2024-02-28 20:29:43.663 - Updated
2024-02-29 20:29:28.125 - Updated
2024-03-01 20:29:37.222 - Updated
2024-03-02 20:29:41.540 - Updated
2024-03-03 20:29:37.347 - Updated
2024-03-04 20:29:25.887 - Updated
2024-03-05 20:29:52.739 - Updated
2024-03-06 20:29:28.541 - Updated
2024-03-07 20:29:52.990 - Updated
2024-03-08 20:29:29.458 - Updated
2024-03-09 20:29:27.329 - Updated
2024-03-10 20:29:28.494 - Updated
2024-03-11 20:29:30.766 - Updated
2024-03-12 20:29:44.917 - Updated
2024-03-13 20:29:16.745 - Updated
2024-03-14 20:29:26.428 - Updated
2024-03-15 20:29:19.069 - Updated
2024-03-16 20:29:22.031 - Updated
2024-03-17 20:29:40.670 - Updated
2024-03-18 20:29:24.492 - Updated
2024-03-19 20:29:39.255 - Updated
2024-03-20 20:29:34.056 - Updated
2024-03-21 20:29:37.855 - Updated
2024-03-22 20:29:29.139 - Updated
2024-03-23 20:29:41.484 - Updated
2024-03-24 20:29:16.696 - Updated
2024-03-25 20:29:35.650 - Updated
2024-03-26 20:29:51.236 - Updated
2024-03-27 20:29:22.993 - Updated
2024-03-28 20:29:30.167 - Updated
2024-03-29 20:29:23.228 - Updated
2024-03-30 20:29:49.276 - Updated
2024-03-31 20:29:38.244 - Updated
2024-04-01 20:29:30.458 - Updated
2024-04-02 20:30:02.334 - Updated
2024-04-03 20:29:21.936 - Updated
2024-04-04 20:29:26.874 - Updated
2024-04-05 20:29:19.221 - Updated
2024-04-06 20:29:47.527 - Updated
2024-04-07 20:29:29.776 - Updated
2024-04-08 20:29:36.587 - Updated
2024-04-09 20:29:19.528 - Updated
2024-04-10 20:29:34.309 - Updated
2024-04-11 20:29:26.538 - Updated
2024-04-12 20:29:24.480 - Updated
2024-04-13 20:29:33.354 - Updated
2024-04-14 23:26:59.015 - Updated
2024-04-16 20:29:19.864 - Updated
2024-04-17 20:29:17.338 - Updated
2024-04-18 20:29:30.736 - Updated
2024-04-19 20:29:30.224 - Updated
2024-04-20 20:29:22.532 - Updated
2024-04-21 20:29:25.467 - Updated
2024-05-10 20:29:32.083 - Updated
2024-05-11 20:29:31.221 - Updated
2024-05-12 20:29:44.239 - Updated
2024-05-13 20:29:21.611 - Updated
2024-05-14 20:29:38.845 - Updated
2024-05-15 20:30:39.553 - Failed to download: HTTP Error 403: Forbidden
2024-05-16 20:29:39.532 - Updated
2024-05-17 20:29:37.638 - Updated
2024-05-18 20:29:23.850 - Updated
2024-05-19 20:29:30.937 - Updated
2024-05-20 20:29:25.962 - Validation failed: New version of tempo/clock/time_gbt.dat clock corrections differ from old version where they overlap in 11 places
2024-05-21 20:29:32.369 - Validation failed: New version of tempo/clock/time_gbt.dat clock corrections differ from old version where they overlap in 11 places
2024-05-22 20:29:35.203 - Validation failed: New version of tempo/clock/time_gbt.dat clock corrections differ from old version where they overlap in 11 places
2024-05-23 20:29:32.917 - Validation failed: New version of tempo/clock/time_gbt.dat clock corrections differ from old version where they overlap in 11 places
2024-05-24 20:29:28.300 - Validation failed: New version of tempo/clock/time_gbt.dat clock corrections differ from old version where they overlap in 11 places
2024-05-25 20:29:17.594 - Validation failed: New version of tempo/clock/time_gbt.dat clock corrections differ from old version where they overlap in 11 places
2024-05-26 20:29:31.196 - Validation failed: New version of tempo/clock/time_gbt.dat clock corrections differ from old version where they overlap in 11 places
2024-05-27 20:29:40.164 - Validation failed: New version of tempo/clock/time_gbt.dat clock corrections differ from old version where they overlap in 11 places
2024-05-28 20:29:17.932 - Validation failed: New version of tempo/clock/time_gbt.dat clock corrections differ from old version where they overlap in 11 places
2024-05-29 20:29:34.110 - Validation failed: New version of tempo/clock/time_gbt.dat clock corrections differ from old version where they overlap in 11 places
2024-05-30 20:29:33.246 - Validation failed: New version of tempo/clock/time_gbt.dat clock corrections differ from old version where they overlap in 11 places
2024-05-31 20:29:26.453 - Validation failed: New version of tempo/clock/time_gbt.dat clock corrections differ from old version where they overlap in 11 places
2024-06-01 20:29:31.968 - Validation failed: New version of tempo/clock/time_gbt.dat clock corrections differ from old version where they overlap in 11 places
2024-06-02 20:29:34.192 - Validation failed: New version of tempo/clock/time_gbt.dat clock corrections differ from old version where they overlap in 11 places
2024-06-03 20:29:27.834 - Validation failed: New version of tempo/clock/time_gbt.dat clock corrections differ from old version where they overlap in 11 places
2024-06-04 20:29:33.484 - Failed to download: The read operation timed out
2024-06-05 20:29:46.522 - Failed to download: The read operation timed out
2024-06-06 20:31:26.581 - Validation failed: New version of tempo/clock/time_gbt.dat clock corrections differ from old version where they overlap in 11 places
2024-06-07 20:29:24.989 - Validation failed: New version of tempo/clock/time_gbt.dat clock corrections differ from old version where they overlap in 11 places
2024-06-08 20:29:45.145 - Validation failed: New version of tempo/clock/time_gbt.dat clock corrections differ from old version where they overlap in 11 places
2024-06-09 20:31:09.186 - Validation failed: New version of tempo/clock/time_gbt.dat clock corrections differ from old version where they overlap in 11 places
2024-06-10 20:29:45.790 - Validation failed: New version of tempo/clock/time_gbt.dat clock corrections differ from old version where they overlap in 11 places
2024-06-11 20:29:28.400 - Validation failed: New version of tempo/clock/time_gbt.dat clock corrections differ from old version where they overlap in 11 places
2024-06-12 20:30:53.174 - Validation failed: New version of tempo/clock/time_gbt.dat clock corrections differ from old version where they overlap in 11 places
2024-06-13 20:31:19.989 - Validation failed: New version of tempo/clock/time_gbt.dat clock corrections differ from old version where they overlap in 11 places
2024-06-14 20:29:43.715 - Validation failed: New version of tempo/clock/time_gbt.dat clock corrections differ from old version where they overlap in 11 places
2024-06-15 20:30:15.600 - Validation failed: New version of tempo/clock/time_gbt.dat clock corrections differ from old version where they overlap in 11 places
2024-06-16 20:29:33.387 - Validation failed: New version of tempo/clock/time_gbt.dat clock corrections differ from old version where they overlap in 11 places
2024-06-17 20:29:19.041 - Validation failed: New version of tempo/clock/time_gbt.dat clock corrections differ from old version where they overlap in 11 places
2024-06-18 20:29:38.668 - Validation failed: New version of tempo/clock/time_gbt.dat clock corrections differ from old version where they overlap in 11 places
2024-06-19 20:29:22.509 - Validation failed: New version of tempo/clock/time_gbt.dat clock corrections differ from old version where they overlap in 11 places
2024-06-20 20:29:36.333 - Validation failed: New version of tempo/clock/time_gbt.dat clock corrections differ from old version where they overlap in 11 places
2024-06-21 20:29:47.195 - Validation failed: New version of tempo/clock/time_gbt.dat clock corrections differ from old version where they overlap in 11 places
2024-06-22 20:29:36.315 - Validation failed: New version of tempo/clock/time_gbt.dat clock corrections differ from old version where they overlap in 11 places
2024-06-23 20:29:36.932 - Validation failed: New version of tempo/clock/time_gbt.dat clock corrections differ from old version where they overlap in 11 places
2024-06-24 20:29:26.641 - Validation failed: New version of tempo/clock/time_gbt.dat clock corrections differ from old version where they overlap in 11 places
2024-06-25 20:29:28.281 - Validation failed: New version of tempo/clock/time_gbt.dat clock corrections differ from old version where they overlap in 11 places
2024-06-26 20:31:39.903 - Validation failed: New version of tempo/clock/time_gbt.dat clock corrections differ from old version where they overlap in 11 places
2024-06-27 20:29:38.289 - Validation failed: New version of tempo/clock/time_gbt.dat clock corrections differ from old version where they overlap in 11 places
2024-06-28 20:29:34.510 - Validation failed: New version of tempo/clock/time_gbt.dat clock corrections differ from old version where they overlap in 11 places
2024-06-29 20:29:43.768 - Validation failed: New version of tempo/clock/time_gbt.dat clock corrections differ from old version where they overlap in 11 places
2024-06-30 20:29:20.197 - Validation failed: New version of tempo/clock/time_gbt.dat clock corrections differ from old version where they overlap in 11 places
2024-07-01 20:29:28.968 - Validation failed: New version of tempo/clock/time_gbt.dat clock corrections differ from old version where they overlap in 11 places
2024-07-02 20:32:21.528 - Validation failed: New version of tempo/clock/time_gbt.dat clock corrections differ from old version where they overlap in 11 places
2024-07-03 20:29:25.526 - Validation failed: New version of tempo/clock/time_gbt.dat clock corrections differ from old version where they overlap in 11 places
2024-07-04 20:29:50.807 - Validation failed: New version of tempo/clock/time_gbt.dat clock corrections differ from old version where they overlap in 11 places
2024-07-05 20:29:50.516 - Validation failed: New version of tempo/clock/time_gbt.dat clock corrections differ from old version where they overlap in 11 places
2024-07-06 20:29:32.607 - Validation failed: New version of tempo/clock/time_gbt.dat clock corrections differ from old version where they overlap in 11 places
2024-07-07 20:29:38.431 - Validation failed: New version of tempo/clock/time_gbt.dat clock corrections differ from old version where they overlap in 11 places
2024-07-08 20:30:19.813 - Validation failed: New version of tempo/clock/time_gbt.dat clock corrections differ from old version where they overlap in 11 places
2024-07-09 20:30:28.120 - Validation failed: New version of tempo/clock/time_gbt.dat clock corrections differ from old version where they overlap in 11 places
2024-07-10 20:30:24.492 - Validation failed: New version of tempo/clock/time_gbt.dat clock corrections differ from old version where they overlap in 11 places
2024-07-11 20:29:48.667 - Validation failed: New version of tempo/clock/time_gbt.dat clock corrections differ from old version where they overlap in 11 places
2024-07-12 20:29:30.921 - Validation failed: New version of tempo/clock/time_gbt.dat clock corrections differ from old version where they overlap in 11 places
2024-07-13 20:29:47.383 - Validation failed: New version of tempo/clock/time_gbt.dat clock corrections differ from old version where they overlap in 11 places
2024-07-14 20:29:24.483 - Validation failed: New version of tempo/clock/time_gbt.dat clock corrections differ from old version where they overlap in 11 places
2024-07-15 20:29:37.635 - Validation failed: New version of tempo/clock/time_gbt.dat clock corrections differ from old version where they overlap in 11 places
2024-07-16 20:29:26.200 - Validation failed: New version of tempo/clock/time_gbt.dat clock corrections differ from old version where they overlap in 11 places
2024-07-17 20:29:50.997 - Validation failed: New version of tempo/clock/time_gbt.dat clock corrections differ from old version where they overlap in 11 places
2024-07-18 20:29:59.918 - Validation failed: New version of tempo/clock/time_gbt.dat clock corrections differ from old version where they overlap in 11 places
2024-07-19 20:31:02.747 - Validation failed: New version of tempo/clock/time_gbt.dat clock corrections differ from old version where they overlap in 11 places
2024-07-20 20:29:35.368 - Validation failed: New version of tempo/clock/time_gbt.dat clock corrections differ from old version where they overlap in 11 places
2024-07-21 20:31:28.978 - Validation failed: New version of tempo/clock/time_gbt.dat clock corrections differ from old version where they overlap in 11 places
2024-07-22 20:29:53.529 - Validation failed: New version of tempo/clock/time_gbt.dat clock corrections differ from old version where they overlap in 11 places
2024-07-23 20:29:50.920 - Validation failed: New version of tempo/clock/time_gbt.dat clock corrections differ from old version where they overlap in 11 places
2024-07-24 20:29:37.378 - Validation failed: New version of tempo/clock/time_gbt.dat clock corrections differ from old version where they overlap in 11 places
2024-07-25 20:29:35.888 - Validation failed: New version of tempo/clock/time_gbt.dat clock corrections differ from old version where they overlap in 11 places
2024-07-26 20:31:04.102 - Validation failed: New version of tempo/clock/time_gbt.dat clock corrections differ from old version where they overlap in 11 places
2024-07-27 20:29:19.401 - Validation failed: New version of tempo/clock/time_gbt.dat clock corrections differ from old version where they overlap in 11 places
2024-07-28 20:29:20.705 - Validation failed: New version of tempo/clock/time_gbt.dat clock corrections differ from old version where they overlap in 11 places
2024-07-29 20:30:51.912 - Validation failed: New version of tempo/clock/time_gbt.dat clock corrections differ from old version where they overlap in 11 places
2024-07-30 20:29:38.268 - Validation failed: New version of tempo/clock/time_gbt.dat clock corrections differ from old version where they overlap in 11 places
2024-07-31 20:30:09.295 - Validation failed: New version of tempo/clock/time_gbt.dat clock corrections differ from old version where they overlap in 11 places
2024-08-01 20:30:39.383 - Validation failed: New version of tempo/clock/time_gbt.dat clock corrections differ from old version where they overlap in 11 places
2024-08-02 20:31:07.476 - Validation failed: New version of tempo/clock/time_gbt.dat clock corrections differ from old version where they overlap in 11 places
2024-08-03 20:29:54.231 - Validation failed: New version of tempo/clock/time_gbt.dat clock corrections differ from old version where they overlap in 11 places
2024-08-04 20:29:38.353 - Validation failed: New version of tempo/clock/time_gbt.dat clock corrections differ from old version where they overlap in 11 places
2024-08-05 20:30:08.937 - Validation failed: New version of tempo/clock/time_gbt.dat clock corrections differ from old version where they overlap in 11 places
2024-08-06 20:29:25.393 - Validation failed: New version of tempo/clock/time_gbt.dat clock corrections differ from old version where they overlap in 11 places
2024-08-07 20:30:22.583 - Validation failed: New version of tempo/clock/time_gbt.dat clock corrections differ from old version where they overlap in 11 places
2024-08-08 20:30:51.414 - Validation failed: New version of tempo/clock/time_gbt.dat clock corrections differ from old version where they overlap in 11 places
2024-08-09 20:30:59.863 - Validation failed: New version of tempo/clock/time_gbt.dat clock corrections differ from old version where they overlap in 11 places
2024-08-10 20:30:35.021 - Validation failed: New version of tempo/clock/time_gbt.dat clock corrections differ from old version where they overlap in 11 places
2024-08-11 20:29:47.405 - Validation failed: New version of tempo/clock/time_gbt.dat clock corrections differ from old version where they overlap in 11 places
2024-08-12 20:31:00.332 - Validation failed: New version of tempo/clock/time_gbt.dat clock corrections differ from old version where they overlap in 11 places
2024-08-13 20:30:51.979 - Validation failed: New version of tempo/clock/time_gbt.dat clock corrections differ from old version where they overlap in 11 places
2024-08-14 20:30:23.923 - Validation failed: New version of tempo/clock/time_gbt.dat clock corrections differ from old version where they overlap in 11 places
2024-08-15 20:29:52.959 - Validation failed: New version of tempo/clock/time_gbt.dat clock corrections differ from old version where they overlap in 11 places
2024-08-16 20:30:56.450 - Validation failed: New version of tempo/clock/time_gbt.dat clock corrections differ from old version where they overlap in 11 places
2024-08-17 20:29:35.384 - Validation failed: New version of tempo/clock/time_gbt.dat clock corrections differ from old version where they overlap in 11 places
2024-08-18 20:29:45.173 - Validation failed: New version of tempo/clock/time_gbt.dat clock corrections differ from old version where they overlap in 11 places
2024-08-19 20:30:31.397 - Validation failed: New version of tempo/clock/time_gbt.dat clock corrections differ from old version where they overlap in 11 places
2024-08-20 20:32:29.015 - Validation failed: New version of tempo/clock/time_gbt.dat clock corrections differ from old version where they overlap in 11 places
2024-08-21 20:33:27.293 - Validation failed: New version of tempo/clock/time_gbt.dat clock corrections differ from old version where they overlap in 11 places
2024-08-22 20:31:19.319 - Validation failed: New version of tempo/clock/time_gbt.dat clock corrections differ from old version where they overlap in 11 places
2024-08-23 20:30:50.454 - Validation failed: New version of tempo/clock/time_gbt.dat clock corrections differ from old version where they overlap in 11 places
2024-08-24 20:30:14.354 - Validation failed: New version of tempo/clock/time_gbt.dat clock corrections differ from old version where they overlap in 11 places
2024-08-25 20:32:56.104 - Validation failed: New version of tempo/clock/time_gbt.dat clock corrections differ from old version where they overlap in 11 places
2024-08-26 20:31:37.663 - Validation failed: New version of tempo/clock/time_gbt.dat clock corrections differ from old version where they overlap in 11 places
2024-08-27 20:31:43.708 - Validation failed: New version of tempo/clock/time_gbt.dat clock corrections differ from old version where they overlap in 11 places
2024-08-28 20:31:41.724 - Validation failed: New version of tempo/clock/time_gbt.dat clock corrections differ from old version where they overlap in 11 places
2024-08-29 20:31:33.821 - Validation failed: New version of tempo/clock/time_gbt.dat clock corrections differ from old version where they overlap in 11 places
2024-08-30 20:32:25.789 - Validation failed: New version of tempo/clock/time_gbt.dat clock corrections differ from old version where they overlap in 11 places
2024-08-31 20:31:17.216 - Validation failed: New version of tempo/clock/time_gbt.dat clock corrections differ from old version where they overlap in 11 places
2024-09-01 20:31:11.265 - Validation failed: New version of tempo/clock/time_gbt.dat clock corrections differ from old version where they overlap in 11 places
2024-09-02 20:32:35.963 - Validation failed: New version of tempo/clock/time_gbt.dat clock corrections differ from old version where they overlap in 11 places
2024-09-03 20:32:45.361 - Validation failed: New version of tempo/clock/time_gbt.dat clock corrections differ from old version where they overlap in 11 places
2024-09-04 20:34:30.252 - Validation failed: New version of tempo/clock/time_gbt.dat clock corrections differ from old version where they overlap in 11 places
2024-09-05 20:32:16.530 - Validation failed: New version of tempo/clock/time_gbt.dat clock corrections differ from old version where they overlap in 11 places
2024-09-06 20:31:22.275 - Validation failed: New version of tempo/clock/time_gbt.dat clock corrections differ from old version where they overlap in 11 places
2024-09-07 20:30:34.353 - Validation failed: New version of tempo/clock/time_gbt.dat clock corrections differ from old version where they overlap in 11 places
2024-09-08 20:30:23.047 - Validation failed: New version of tempo/clock/time_gbt.dat clock corrections differ from old version where they overlap in 11 places
2024-09-09 20:32:25.067 - Validation failed: New version of tempo/clock/time_gbt.dat clock corrections differ from old version where they overlap in 11 places
2024-09-10 20:32:04.127 - Validation failed: New version of tempo/clock/time_gbt.dat clock corrections differ from old version where they overlap in 11 places
2024-09-11 20:31:12.847 - Validation failed: New version of tempo/clock/time_gbt.dat clock corrections differ from old version where they overlap in 11 places
2024-09-12 20:31:59.941 - Validation failed: New version of tempo/clock/time_gbt.dat clock corrections differ from old version where they overlap in 11 places
2024-09-13 20:31:59.762 - Validation failed: New version of tempo/clock/time_gbt.dat clock corrections differ from old version where they overlap in 11 places
2024-09-14 20:32:38.721 - Validation failed: New version of tempo/clock/time_gbt.dat clock corrections differ from old version where they overlap in 11 places
2024-09-15 20:31:14.468 - Validation failed: New version of tempo/clock/time_gbt.dat clock corrections differ from old version where they overlap in 11 places
2024-09-16 20:33:29.940 - Validation failed: New version of tempo/clock/time_gbt.dat clock corrections differ from old version where they overlap in 11 places
2024-09-17 20:32:52.012 - Validation failed: New version of tempo/clock/time_gbt.dat clock corrections differ from old version where they overlap in 11 places
2024-09-18 20:32:45.028 - Validation failed: New version of tempo/clock/time_gbt.dat clock corrections differ from old version where they overlap in 11 places
2024-09-19 20:32:12.008 - Validation failed: New version of tempo/clock/time_gbt.dat clock corrections differ from old version where they overlap in 11 places
2024-09-20 20:33:21.091 - Validation failed: New version of tempo/clock/time_gbt.dat clock corrections differ from old version where they overlap in 11 places
2024-09-21 20:31:04.352 - Validation failed: New version of tempo/clock/time_gbt.dat clock corrections differ from old version where they overlap in 11 places
2024-09-22 20:31:33.007 - Validation failed: New version of tempo/clock/time_gbt.dat clock corrections differ from old version where they overlap in 11 places
2024-09-23 20:34:37.365 - Validation failed: New version of tempo/clock/time_gbt.dat clock corrections differ from old version where they overlap in 11 places
2024-09-24 20:34:23.325 - Validation failed: New version of tempo/clock/time_gbt.dat clock corrections differ from old version where they overlap in 11 places
2024-09-25 20:32:21.626 - Validation failed: New version of tempo/clock/time_gbt.dat clock corrections differ from old version where they overlap in 11 places
2024-09-26 20:33:13.050 - Validation failed: New version of tempo/clock/time_gbt.dat clock corrections differ from old version where they overlap in 11 places
2024-09-27 20:33:16.005 - Validation failed: New version of tempo/clock/time_gbt.dat clock corrections differ from old version where they overlap in 11 places
2024-09-28 20:31:48.563 - Validation failed: New version of tempo/clock/time_gbt.dat clock corrections differ from old version where they overlap in 11 places
2024-09-29 20:31:34.454 - Validation failed: New version of tempo/clock/time_gbt.dat clock corrections differ from old version where they overlap in 11 places
2024-09-30 20:34:03.935 - Validation failed: New version of tempo/clock/time_gbt.dat clock corrections differ from old version where they overlap in 11 places
2024-10-01 20:34:12.295 - Validation failed: New version of tempo/clock/time_gbt.dat clock corrections differ from old version where they overlap in 11 places
2024-10-02 20:36:41.976 - Validation failed: New version of tempo/clock/time_gbt.dat clock corrections differ from old version where they overlap in 11 places
2024-10-03 20:33:36.662 - Validation failed: New version of tempo/clock/time_gbt.dat clock corrections differ from old version where they overlap in 11 places
2024-10-04 20:33:08.025 - Validation failed: New version of tempo/clock/time_gbt.dat clock corrections differ from old version where they overlap in 11 places
2024-10-05 20:31:24.762 - Validation failed: New version of tempo/clock/time_gbt.dat clock corrections differ from old version where they overlap in 11 places
2024-10-06 20:31:25.988 - Validation failed: New version of tempo/clock/time_gbt.dat clock corrections differ from old version where they overlap in 11 places
2024-10-07 20:36:14.792 - Validation failed: New version of tempo/clock/time_gbt.dat clock corrections differ from old version where they overlap in 11 places
2024-10-08 20:29:42.848 - Validation failed: New version of tempo/clock/time_gbt.dat clock corrections differ from old version where they overlap in 11 places
2024-10-09 20:33:48.357 - Validation failed: New version of tempo/clock/time_gbt.dat clock corrections differ from old version where they overlap in 11 places
2024-10-10 20:33:37.797 - Validation failed: New version of tempo/clock/time_gbt.dat clock corrections differ from old version where they overlap in 11 places
2024-10-11 20:39:02.908 - Validation failed: New version of tempo/clock/time_gbt.dat clock corrections differ from old version where they overlap in 11 places
2024-10-12 20:31:30.574 - Validation failed: New version of tempo/clock/time_gbt.dat clock corrections differ from old version where they overlap in 11 places
2024-10-16 20:33:59.130 - Validation failed: New version of tempo/clock/time_gbt.dat clock corrections differ from old version where they overlap in 11 places
2024-11-27 20:39:46.554 - Validation failed: New version of tempo/clock/time_gbt.dat clock corrections differ from old version where they overlap in 11 places
2024-11-28 20:38:36.382 - Validation failed: New version of tempo/clock/time_gbt.dat clock corrections differ from old version where they overlap in 11 places
2024-11-29 20:38:44.185 - Validation failed: New version of tempo/clock/time_gbt.dat clock corrections differ from old version where they overlap in 11 places
2024-11-30 20:36:35.802 - Validation failed: New version of tempo/clock/time_gbt.dat clock corrections differ from old version where they overlap in 11 places
2024-12-01 20:37:59.855 - Validation failed: New version of tempo/clock/time_gbt.dat clock corrections differ from old version where they overlap in 11 places
2024-12-02 20:39:00.668 - Validation failed: New version of tempo/clock/time_gbt.dat clock corrections differ from old version where they overlap in 11 places
