2022-05-24 17:59:46.279 - Unchanged
2022-05-26 08:30:08.203 - Unchanged
2022-05-26 08:35:05.738 - Unchanged
2022-06-02 11:47:05.272 - Validation failed: Unable to read new version of tempo/clock/time_wsrt.dat: Clock file /tmp/astropy-download-24192-_cck1rfs in format tempo appears to be out of order
2022-06-09 13:27:37.454 - Validation failed: Unable to read new version of tempo/clock/time_wsrt.dat: Clock file /tmp/astropy-download-10364-k344pvg3 in format tempo appears to be out of order
2022-06-16 18:26:26.063 - Validation failed: Unable to read new version of tempo/clock/time_wsrt.dat: Clock file /tmp/astropy-download-16102-kfwwkg4q in format tempo appears to be out of order
2022-06-23 20:34:08.289 - Validation failed: Unable to read new version of tempo/clock/time_wsrt.dat: Clock file /tmp/astropy-download-1628-qcimu3ta in format tempo appears to be out of order
2022-06-30 20:34:31.251 - Validation failed: Unable to read new version of tempo/clock/time_wsrt.dat: Clock file /tmp/astropy-download-1748-m0u2j22f appears to be out of order
2022-07-07 20:34:06.057 - Validation failed: Unable to read new version of tempo/clock/time_wsrt.dat: Clock file /tmp/astropy-download-1640-uwe9kvx_ appears to be out of order
2022-07-14 20:34:56.461 - Validation failed: Unable to read new version of tempo/clock/time_wsrt.dat: Clock file /tmp/astropy-download-1679-6xl79ppw appears to be out of order
2022-07-21 20:36:17.981 - Validation failed: Unable to read new version of tempo/clock/time_wsrt.dat: Clock file /tmp/astropy-download-2016-5ws3rvd7 appears to be out of order
2022-07-28 20:35:31.041 - Validation failed: Unable to read new version of tempo/clock/time_wsrt.dat: Clock file /tmp/astropy-download-1680-ud_zwd6k appears to be out of order
2022-08-04 20:34:40.942 - Validation failed: Unable to read new version of tempo/clock/time_wsrt.dat: Clock file /tmp/astropy-download-1668-scc6b50b appears to be out of order
2022-08-11 20:33:40.256 - Validation failed: Unable to read new version of tempo/clock/time_wsrt.dat: Clock file /tmp/astropy-download-1654-l2sd24rf appears to be out of order
2022-08-18 20:36:51.805 - Validation failed: Unable to read new version of tempo/clock/time_wsrt.dat: Clock file /tmp/astropy-download-1707-xtq_0u1k appears to be out of order
2022-08-25 20:34:57.286 - Validation failed: Unable to read new version of tempo/clock/time_wsrt.dat: Clock file /tmp/astropy-download-1692-30kr9mtu appears to be out of order
2022-09-01 20:35:43.275 - Validation failed: Unable to read new version of tempo/clock/time_wsrt.dat: Clock file /tmp/astropy-download-1662-7l9lcpnh appears to be out of order
2022-09-08 20:39:25.472 - Validation failed: Unable to read new version of tempo/clock/time_wsrt.dat: Clock file /tmp/astropy-download-1540-5621t80j appears to be out of order
2022-09-15 20:41:00.601 - Validation failed: Unable to read new version of tempo/clock/time_wsrt.dat: Clock file /tmp/astropy-download-1665-5wox4f37 appears to be out of order
2022-09-22 20:39:27.254 - Validation failed: Unable to read new version of tempo/clock/time_wsrt.dat: Clock file /tmp/astropy-download-1731-9z7agicr appears to be out of order
2022-09-29 20:43:08.152 - Validation failed: Unable to read new version of tempo/clock/time_wsrt.dat: Clock file /tmp/astropy-download-1670-r1ox93xv appears to be out of order
2022-10-06 20:41:54.543 - Validation failed: Unable to read new version of tempo/clock/time_wsrt.dat: Clock file /tmp/astropy-download-1835-gtjyjp4z appears to be out of order
2022-10-13 20:42:38.566 - Validation failed: Unable to read new version of tempo/clock/time_wsrt.dat: Clock file /tmp/astropy-download-1866-b4aq0tiw appears to be out of order
2022-10-20 20:43:23.751 - Validation failed: Unable to read new version of tempo/clock/time_wsrt.dat: Clock file /tmp/astropy-download-1652-mmlomhkv appears to be out of order
2022-10-27 20:36:42.462 - Validation failed: Unable to read new version of tempo/clock/time_wsrt.dat: Clock file /tmp/astropy-download-1691-mb32c4al appears to be out of order
2022-11-03 20:28:53.595 - Validation failed: Unable to read new version of tempo/clock/time_wsrt.dat: Clock file /tmp/astropy-download-1727-6dl2vmcd appears to be out of order
2022-11-10 20:35:54.334 - Validation failed: Unable to read new version of tempo/clock/time_wsrt.dat: Clock file /tmp/astropy-download-1743-frs4ejts appears to be out of order
2022-11-17 20:32:52.738 - Validation failed: Unable to read new version of tempo/clock/time_wsrt.dat: Clock file /tmp/astropy-download-1723-h98_u__t appears to be out of order
2022-11-24 20:30:34.627 - Validation failed: Unable to read new version of tempo/clock/time_wsrt.dat: Clock file /tmp/astropy-download-1724-qme1t0fc appears to be out of order
2022-12-01 20:29:03.539 - Validation failed: Unable to read new version of tempo/clock/time_wsrt.dat: Clock file /tmp/astropy-download-1768-7j97bgb4 appears to be out of order
2022-12-08 20:29:27.169 - Validation failed: Unable to read new version of tempo/clock/time_wsrt.dat: Clock file /tmp/astropy-download-1728-bd_9jovi appears to be out of order
2022-12-15 20:27:52.631 - Validation failed: Unable to read new version of tempo/clock/time_wsrt.dat: Clock file /tmp/astropy-download-1831-gnq0nz54 appears to be out of order
2022-12-22 20:28:29.558 - Validation failed: Unable to read new version of tempo/clock/time_wsrt.dat: Clock file /tmp/astropy-download-1748-2_bndu9l appears to be out of order
2022-12-29 20:28:04.097 - Validation failed: Unable to read new version of tempo/clock/time_wsrt.dat: Clock file /tmp/astropy-download-1761-kx5mvwxj appears to be out of order
2023-01-05 20:30:12.536 - Validation failed: Unable to read new version of tempo/clock/time_wsrt.dat: Clock file /tmp/astropy-download-1760-hjv4c0f1 appears to be out of order
2023-01-12 20:29:55.925 - Validation failed: Unable to read new version of tempo/clock/time_wsrt.dat: Clock file /tmp/astropy-download-1768-1i96m8tb appears to be out of order
2023-01-19 20:29:26.946 - Validation failed: Unable to read new version of tempo/clock/time_wsrt.dat: Clock file /tmp/astropy-download-1776-0b41uv9c appears to be out of order
2023-01-26 20:27:51.993 - Validation failed: Unable to read new version of tempo/clock/time_wsrt.dat: Clock file /tmp/astropy-download-1727-72vp5u2u appears to be out of order
2023-02-02 20:29:10.187 - Validation failed: Unable to read new version of tempo/clock/time_wsrt.dat: Clock file /tmp/astropy-download-1774-3n8x29k3 appears to be out of order
2023-02-09 20:30:00.078 - Validation failed: Unable to read new version of tempo/clock/time_wsrt.dat: Clock file /tmp/astropy-download-1673-akxdq1v3 appears to be out of order
2023-02-16 20:29:20.539 - Validation failed: Unable to read new version of tempo/clock/time_wsrt.dat: Clock file /tmp/astropy-download-1683-na7r1584 appears to be out of order
2023-02-23 20:30:37.681 - Validation failed: Unable to read new version of tempo/clock/time_wsrt.dat: Clock file /tmp/astropy-download-1718-sz5nvrlb appears to be out of order
2023-03-02 20:30:48.249 - Validation failed: Unable to read new version of tempo/clock/time_wsrt.dat: Clock file /tmp/astropy-download-1706-ywmow6ek appears to be out of order
2023-03-09 20:31:04.679 - Validation failed: Unable to read new version of tempo/clock/time_wsrt.dat: Clock file /tmp/astropy-download-1730-rplajy6i appears to be out of order
2023-03-16 20:29:08.574 - Validation failed: Unable to read new version of tempo/clock/time_wsrt.dat: Clock file /tmp/astropy-download-1726-9go2yp7d appears to be out of order
2023-03-23 20:27:46.835 - Validation failed: Unable to read new version of tempo/clock/time_wsrt.dat: Clock file /tmp/astropy-download-1727-rkn_otsr appears to be out of order
