2022-05-26 14:50:47.642 - Updated
2022-05-26 18:54:53.491 - Updated
2022-05-26 19:10:25.757 - Updated
2022-05-26 19:16:14.424 - Updated
2022-05-26 20:40:01.207 - Updated
2022-05-31 11:31:35.068 - Failed to download: [Errno 2] No such file or directory: '/tmp/tmpt1h_ib14/converted'
2022-05-31 11:33:41.208 - Failed to download: [Errno 2] No such file or directory: '/tmp/tmp1hj6wxtp/converted'
2022-05-31 12:15:45.911 - Failed to download: [Errno 2] No such file or directory: '/tmp/tmp6i51oi7y/converted'
2022-05-31 12:17:50.361 - Failed to download: [Errno 2] No such file or directory: '/tmp/tmpginukduv/converted'
2022-05-31 12:26:53.684 - Validation failed: New version of T2runtime/clock/gbt2gps_converted.clk MJDs differ from old version where they overlap in 4 places
2022-05-31 12:46:48.129 - Validation failed: New version of T2runtime/clock/gbt2gps_converted.clk MJDs differ from old version where they overlap in 4 places
2022-05-31 12:57:25.481 - Validation failed: New version of T2runtime/clock/gbt2gps_converted.clk MJDs differ from old version where they overlap in 4 places
2022-05-31 13:00:05.288 - Validation failed: New version of T2runtime/clock/gbt2gps_converted.clk MJDs differ from old version where they overlap in 4 places
2022-05-31 13:00:16.239 - Validation failed: New version of T2runtime/clock/gbt2gps_converted.clk MJDs differ from old version where they overlap in 4 places
2022-05-31 13:00:16.240 - Updated overriding validation failure
2022-05-31 13:00:50.465 - Updated
2022-06-02 11:47:01.838 - Updated
2022-06-07 13:34:26.688 - Updated
2022-06-07 16:28:36.231 - No way to download: 'T2runtime/clock/gbt2gps.clk'
2022-06-07 16:28:36.314 - Updated
2022-06-08 17:10:52.667 - No way to download: 'T2runtime/clock/gbt2gps.clk'
2022-06-08 17:10:52.727 - Updated
2022-06-13 13:42:09.610 - No way to download: 'T2runtime/clock/gbt2gps.clk'
2022-06-13 13:42:09.674 - Updated
2022-06-15 16:45:24.942 - No way to download: 'T2runtime/clock/gbt2gps.clk'
2022-06-15 16:45:25.024 - Updated
2022-06-16 18:26:16.943 - No way to download: 'T2runtime/clock/gbt2gps.clk'
2022-06-16 18:26:16.999 - Updated
2022-06-17 20:36:23.990 - Updated
2022-06-18 20:31:48.963 - Updated
2022-06-19 20:32:41.912 - Updated
