2022-06-08 10:42:42.759 - No way to download: 'T2runtime/clock/gps2utc.clk'
2022-06-08 10:42:42.787 - Updated
2022-06-09 13:27:33.364 - No way to download: 'T2runtime/clock/gps2utc.clk'
2022-06-09 13:27:33.445 - Unchanged
2022-06-13 13:42:03.445 - No way to download: 'T2runtime/clock/gps2utc.clk'
2022-06-13 13:42:03.523 - Unchanged
2022-06-15 16:45:10.795 - No way to download: 'T2runtime/clock/gps2utc.clk'
2022-06-15 16:45:22.185 - Updated
2022-06-16 18:26:15.027 - No way to download: 'T2runtime/clock/gps2utc.clk'
2022-06-16 18:26:15.105 - Unchanged
2022-06-17 20:36:22.949 - Unchanged
2022-06-18 20:31:47.831 - Unchanged
2022-06-19 20:32:41.086 - Unchanged
2022-06-20 20:34:08.171 - Unchanged
2022-06-21 20:33:32.575 - Unchanged
2022-06-22 20:32:52.183 - Unchanged
2022-06-23 20:34:01.356 - Unchanged
2022-06-27 10:52:27.595 - Unchanged
2022-06-28 20:35:07.111 - Unchanged
2022-06-29 20:36:05.449 - Unchanged
2022-06-30 20:34:24.281 - Unchanged
2022-07-01 20:35:04.122 - Unchanged
2022-07-02 20:32:16.812 - Unchanged
2022-07-03 20:31:45.409 - Unchanged
2022-07-04 20:32:40.830 - Unchanged
2022-07-05 20:34:41.530 - Unchanged
2022-07-06 20:33:07.471 - Unchanged
2022-07-07 20:33:57.604 - Unchanged
2022-07-08 20:37:48.934 - Unchanged
2022-07-09 20:31:55.094 - Unchanged
2022-07-10 20:32:34.152 - Unchanged
2022-07-11 20:34:32.553 - Updated
2022-07-12 20:36:39.359 - Unchanged
2022-07-13 20:34:13.709 - Unchanged
2022-07-14 20:34:53.077 - Unchanged
2022-07-15 20:34:26.237 - Unchanged
2022-07-16 20:32:14.390 - Unchanged
2022-07-17 20:32:42.812 - Unchanged
2022-07-18 20:34:25.423 - Unchanged
2022-07-19 20:35:00.953 - Unchanged
2022-07-20 20:36:46.118 - Unchanged
2022-07-21 20:36:14.123 - Unchanged
2022-07-22 20:35:18.172 - Unchanged
2022-07-23 20:33:48.067 - Unchanged
2022-07-24 20:34:21.641 - Unchanged
2022-07-25 20:33:25.954 - Unchanged
2022-07-26 20:32:24.274 - Unchanged
2022-07-27 20:32:57.052 - Unchanged
2022-07-28 20:35:27.422 - Unchanged
2022-07-29 20:35:57.575 - Unchanged
2022-07-30 20:32:10.196 - Unchanged
2022-07-31 20:33:28.444 - Unchanged
2022-08-01 20:37:40.481 - Unchanged
2022-08-02 20:33:42.318 - Unchanged
2022-08-03 20:34:42.893 - Unchanged
2022-08-04 20:34:37.108 - Unchanged
2022-08-05 20:33:58.055 - Unchanged
2022-08-06 20:32:42.831 - Unchanged
2022-08-07 20:33:30.159 - Unchanged
2022-08-08 20:35:10.629 - Unchanged
2022-08-09 20:35:11.452 - Unchanged
2022-08-10 20:34:01.750 - Unchanged
2022-08-11 20:33:37.150 - Validation failed: New version of T2runtime/clock/gps2utc.clk clock corrections differ from old version where they overlap in 1 places
2022-08-12 20:33:39.668 - Validation failed: New version of T2runtime/clock/gps2utc.clk clock corrections differ from old version where they overlap in 1 places
2022-08-13 20:33:33.008 - Validation failed: New version of T2runtime/clock/gps2utc.clk clock corrections differ from old version where they overlap in 1 places
2022-08-14 20:32:47.578 - Validation failed: New version of T2runtime/clock/gps2utc.clk clock corrections differ from old version where they overlap in 1 places
2022-08-15 20:34:09.272 - Validation failed: New version of T2runtime/clock/gps2utc.clk clock corrections differ from old version where they overlap in 1 places
2022-08-16 20:33:21.815 - Validation failed: New version of T2runtime/clock/gps2utc.clk clock corrections differ from old version where they overlap in 1 places
2022-08-17 20:34:02.917 - Validation failed: New version of T2runtime/clock/gps2utc.clk clock corrections differ from old version where they overlap in 1 places
2022-08-18 20:36:44.551 - Validation failed: New version of T2runtime/clock/gps2utc.clk clock corrections differ from old version where they overlap in 1 places
2022-08-19 20:35:01.671 - Validation failed: New version of T2runtime/clock/gps2utc.clk clock corrections differ from old version where they overlap in 1 places
2022-08-20 20:33:20.357 - Validation failed: New version of T2runtime/clock/gps2utc.clk clock corrections differ from old version where they overlap in 1 places
2022-08-21 20:33:33.441 - Validation failed: New version of T2runtime/clock/gps2utc.clk clock corrections differ from old version where they overlap in 1 places
2022-08-22 20:33:33.953 - Validation failed: New version of T2runtime/clock/gps2utc.clk clock corrections differ from old version where they overlap in 1 places
2022-08-23 20:34:34.032 - Validation failed: New version of T2runtime/clock/gps2utc.clk clock corrections differ from old version where they overlap in 1 places
2022-08-24 20:34:32.712 - Validation failed: New version of T2runtime/clock/gps2utc.clk clock corrections differ from old version where they overlap in 1 places
2022-08-25 20:34:52.214 - Validation failed: New version of T2runtime/clock/gps2utc.clk clock corrections differ from old version where they overlap in 1 places
2022-08-26 20:34:36.865 - Validation failed: New version of T2runtime/clock/gps2utc.clk clock corrections differ from old version where they overlap in 1 places
2022-08-27 20:33:44.075 - Validation failed: New version of T2runtime/clock/gps2utc.clk clock corrections differ from old version where they overlap in 1 places
2022-08-28 20:34:12.018 - Validation failed: New version of T2runtime/clock/gps2utc.clk clock corrections differ from old version where they overlap in 1 places
2022-08-29 20:35:23.082 - Validation failed: New version of T2runtime/clock/gps2utc.clk clock corrections differ from old version where they overlap in 1 places
2022-08-30 20:35:27.491 - Validation failed: New version of T2runtime/clock/gps2utc.clk clock corrections differ from old version where they overlap in 1 places
2022-08-31 16:37:46.504 - Validation failed: New version of T2runtime/clock/gps2utc.clk has decreased from 10828 to 10798 measurements.
2022-09-01 20:35:40.693 - Updated
2022-09-02 20:34:52.673 - Unchanged
2022-09-03 20:34:22.297 - Unchanged
2022-09-04 20:35:16.130 - Unchanged
2022-09-05 20:35:28.547 - Unchanged
2022-09-06 20:35:58.396 - Unchanged
2022-09-07 20:40:06.054 - Unchanged
2022-09-08 20:39:22.234 - Unchanged
2022-09-09 20:38:12.778 - Updated
2022-09-10 20:36:42.366 - Unchanged
2022-09-11 20:36:51.397 - Unchanged
2022-09-12 20:38:20.800 - Unchanged
2022-09-13 20:37:37.203 - Unchanged
2022-09-14 20:39:52.012 - Unchanged
2022-09-15 20:40:55.593 - Unchanged
2022-09-16 20:38:09.916 - Unchanged
2022-09-17 20:36:44.609 - Unchanged
2022-09-18 20:37:35.380 - Unchanged
2022-09-19 20:40:28.529 - Unchanged
2022-09-20 20:39:14.988 - Unchanged
2022-09-21 20:38:51.753 - Unchanged
2022-09-22 20:39:24.102 - Unchanged
2022-09-23 20:39:07.525 - Unchanged
2022-09-24 20:37:25.869 - Unchanged
2022-09-25 20:37:43.634 - Unchanged
2022-09-26 20:39:22.814 - Unchanged
2022-09-27 20:41:43.926 - Unchanged
2022-09-28 20:41:23.741 - Unchanged
2022-09-29 20:43:04.641 - Unchanged
2022-09-30 20:41:30.583 - Unchanged
2022-10-01 20:40:08.209 - Unchanged
2022-10-02 20:39:39.663 - Unchanged
2022-10-03 20:42:12.243 - Unchanged
2022-10-04 20:43:58.619 - Unchanged
2022-10-05 20:42:12.730 - Unchanged
2022-10-06 20:41:50.771 - Unchanged
2022-10-07 20:41:30.232 - Unchanged
2022-10-08 20:39:38.951 - Unchanged
2022-10-09 20:40:36.502 - Unchanged
2022-10-10 20:41:52.031 - Unchanged
2022-10-11 20:43:27.682 - Updated
2022-10-12 20:43:12.646 - Unchanged
2022-10-13 20:42:35.932 - Unchanged
2022-10-14 20:45:27.287 - Unchanged
2022-10-15 20:40:46.462 - Unchanged
2022-10-16 20:41:15.471 - Unchanged
2022-10-17 20:42:39.401 - Unchanged
2022-10-18 20:42:55.143 - Unchanged
2022-10-19 20:43:34.269 - Unchanged
2022-10-20 20:43:20.443 - Unchanged
2022-10-21 20:41:57.452 - Unchanged
2022-10-22 20:41:22.149 - Unchanged
2022-10-23 20:41:35.452 - Unchanged
2022-10-24 20:43:24.912 - Unchanged
2022-10-25 20:44:29.569 - Unchanged
2022-10-26 20:37:20.524 - Unchanged
2022-10-27 20:36:39.625 - Unchanged
2022-10-28 20:37:46.909 - Unchanged
2022-10-29 20:35:14.183 - Unchanged
2022-10-30 20:35:44.979 - Unchanged
2022-10-31 20:37:50.016 - Unchanged
2022-11-01 20:37:59.820 - Unchanged
2022-11-02 20:34:08.693 - Unchanged
2022-11-03 20:28:50.757 - Unchanged
2022-11-04 20:36:41.843 - Unchanged
2022-11-05 20:35:35.229 - Unchanged
2022-11-06 20:33:41.675 - Unchanged
2022-11-07 20:35:54.006 - Unchanged
2022-11-08 20:36:19.589 - Unchanged
2022-11-09 20:34:48.808 - Unchanged
2022-11-10 20:35:50.165 - Updated
2022-11-11 20:34:48.614 - Unchanged
2022-11-12 20:33:43.561 - Unchanged
2022-11-13 20:33:39.703 - Unchanged
2022-11-14 20:34:23.429 - Unchanged
2022-11-15 20:33:01.537 - Unchanged
2022-11-16 20:32:58.221 - Unchanged
2022-11-17 20:32:48.243 - Unchanged
2022-11-18 20:32:39.108 - Unchanged
2022-11-19 20:32:04.471 - Unchanged
2022-11-20 20:31:45.773 - Unchanged
2022-11-21 20:30:53.543 - Unchanged
2022-11-22 20:30:46.517 - Unchanged
2022-11-23 20:30:46.094 - Unchanged
2022-11-24 20:30:28.014 - Unchanged
2022-11-25 20:30:37.380 - Unchanged
2022-11-26 20:29:59.959 - Unchanged
2022-11-27 20:30:03.690 - Unchanged
2022-11-28 20:30:15.069 - Unchanged
2022-11-29 20:29:56.532 - Unchanged
2022-11-30 20:31:21.641 - Unchanged
2022-12-01 20:28:52.193 - Unchanged
2022-12-02 20:29:09.989 - Unchanged
2022-12-03 20:28:10.660 - Unchanged
2022-12-04 20:28:36.050 - Unchanged
2022-12-05 20:29:46.871 - Unchanged
2022-12-06 20:28:47.543 - Unchanged
2022-12-07 20:29:38.932 - Unchanged
2022-12-08 20:29:23.072 - Unchanged
2022-12-09 20:32:47.860 - Unchanged
2022-12-10 20:28:48.881 - Unchanged
2022-12-11 20:28:50.947 - Unchanged
2022-12-12 20:29:17.359 - Updated
2022-12-13 20:30:04.714 - Unchanged
2022-12-14 20:29:45.527 - Unchanged
2022-12-15 20:27:46.587 - Unchanged
2022-12-16 20:28:06.362 - Unchanged
2022-12-17 20:26:59.556 - Unchanged
2022-12-18 20:27:11.662 - Unchanged
2022-12-19 20:29:19.427 - Unchanged
2022-12-20 20:28:22.355 - Unchanged
2022-12-21 20:28:10.938 - Unchanged
2022-12-22 20:28:25.764 - Unchanged
2022-12-23 20:28:19.703 - Unchanged
2022-12-24 20:26:54.766 - Unchanged
2022-12-25 20:26:51.184 - Unchanged
2022-12-26 20:27:33.601 - Unchanged
2022-12-27 20:27:42.938 - Unchanged
2022-12-28 20:27:36.730 - Unchanged
2022-12-29 20:27:56.583 - Unchanged
2022-12-30 20:27:22.639 - Unchanged
2022-12-31 20:26:38.420 - Unchanged
2023-01-01 20:27:23.573 - Unchanged
2023-01-02 20:27:38.258 - Unchanged
2023-01-03 20:28:55.841 - Unchanged
2023-01-04 20:29:15.560 - Unchanged
2023-01-05 20:30:03.321 - Unchanged
2023-01-06 20:28:36.640 - Unchanged
2023-01-07 20:27:05.507 - Unchanged
2023-01-08 20:27:16.036 - Unchanged
2023-01-09 20:30:47.827 - Unchanged
2023-01-10 20:29:06.522 - Unchanged
2023-01-11 20:29:42.115 - Unchanged
2023-01-12 20:29:52.579 - Unchanged
2023-01-13 20:29:23.463 - Updated
2023-01-14 20:27:21.364 - Unchanged
2023-01-15 20:27:17.532 - Unchanged
2023-01-16 20:28:26.118 - Unchanged
2023-01-17 20:27:45.800 - Unchanged
2023-01-18 20:29:03.354 - Unchanged
2023-01-19 20:29:23.099 - Unchanged
2023-01-20 20:28:54.084 - Unchanged
2023-01-21 20:26:59.324 - Unchanged
2023-01-22 20:27:44.084 - Unchanged
2023-01-23 20:28:46.308 - Unchanged
2023-01-24 20:28:14.288 - Unchanged
2023-01-25 20:28:07.429 - Unchanged
2023-01-26 20:27:48.759 - Unchanged
2023-01-27 20:28:25.966 - Unchanged
2023-01-28 20:26:52.095 - Unchanged
2023-01-29 20:26:45.277 - Unchanged
2023-01-30 20:28:54.366 - Unchanged
2023-01-31 20:28:54.549 - Unchanged
2023-02-01 20:29:14.704 - Unchanged
2023-02-02 20:29:04.444 - Unchanged
2023-02-03 20:28:49.712 - Unchanged
2023-02-04 20:27:11.990 - Unchanged
2023-02-05 20:27:09.220 - Unchanged
2023-02-06 20:29:44.988 - Unchanged
2023-02-07 20:29:10.663 - Unchanged
2023-02-08 20:29:35.734 - Unchanged
2023-02-09 20:29:56.116 - Unchanged
2023-02-10 20:29:37.146 - Updated
2023-02-11 20:27:36.595 - Unchanged
2023-02-12 20:28:19.669 - Unchanged
2023-02-13 20:30:37.048 - Unchanged
2023-02-14 20:29:41.450 - Unchanged
2023-02-15 20:29:53.750 - Unchanged
2023-02-16 20:29:15.398 - Unchanged
2023-02-17 20:29:49.510 - Unchanged
2023-02-18 20:28:18.510 - Unchanged
2023-02-19 20:28:36.067 - Unchanged
2023-02-20 20:29:00.523 - Unchanged
2023-02-21 20:30:26.051 - Unchanged
2023-02-22 20:29:58.855 - Unchanged
2023-02-23 20:30:33.253 - Unchanged
2023-02-24 20:30:16.039 - Unchanged
2023-02-25 20:29:14.265 - Unchanged
2023-02-26 20:28:43.272 - Unchanged
2023-02-27 20:30:42.929 - Unchanged
2023-02-28 20:30:52.120 - Unchanged
2023-03-01 20:30:48.717 - Unchanged
2023-03-02 20:30:44.616 - Unchanged
2023-03-03 20:29:51.963 - Unchanged
2023-03-04 20:28:05.147 - Unchanged
2023-03-05 20:28:29.661 - Unchanged
2023-03-06 20:30:57.385 - Unchanged
2023-03-07 20:30:35.250 - Unchanged
2023-03-08 20:30:14.598 - Unchanged
2023-03-09 20:30:56.447 - Unchanged
2023-03-10 20:28:33.085 - Updated
2023-03-11 20:27:26.121 - Unchanged
2023-03-12 20:27:25.548 - Unchanged
2023-03-13 20:28:35.908 - Unchanged
2023-03-14 20:34:46.868 - Unchanged
2023-03-15 20:29:29.535 - Unchanged
2023-03-16 20:29:05.528 - Unchanged
2023-03-17 20:28:53.970 - Unchanged
2023-03-18 20:27:22.070 - Unchanged
2023-03-19 20:28:06.588 - Unchanged
2023-03-20 20:27:16.798 - Unchanged
2023-03-21 20:26:23.884 - Unchanged
2023-03-22 20:26:16.175 - Unchanged
2023-03-23 20:27:43.523 - Unchanged
2023-03-24 20:27:46.233 - Unchanged
2023-03-25 20:26:23.416 - Unchanged
2023-03-26 20:26:03.851 - Unchanged
2023-03-27 20:29:26.661 - Unchanged
2023-03-28 20:28:19.821 - Unchanged
2023-03-29 20:28:29.378 - Unchanged
2023-03-30 20:27:37.616 - Unchanged
2023-03-31 20:25:38.948 - Unchanged
2023-04-01 20:25:30.758 - Unchanged
2023-04-02 20:24:48.617 - Unchanged
2023-04-03 20:26:04.184 - Unchanged
2023-04-04 20:27:39.967 - Unchanged
2023-04-05 20:28:47.490 - Unchanged
2023-04-06 20:26:06.478 - Unchanged
2023-04-07 20:25:41.020 - Unchanged
2023-04-08 20:25:14.454 - Unchanged
2023-04-09 20:25:00.574 - Unchanged
2023-04-10 20:26:06.638 - Unchanged
2023-04-11 20:26:04.378 - Unchanged
2023-04-12 20:26:21.632 - Updated
2023-12-07 20:29:33.019 - Updated
2023-12-08 20:29:39.649 - Unchanged
2023-12-09 20:29:17.482 - Unchanged
2023-12-10 20:29:48.017 - Unchanged
2023-12-11 20:29:36.657 - Updated
2023-12-12 20:29:37.708 - Unchanged
2023-12-13 20:29:43.295 - Unchanged
2023-12-14 20:29:29.609 - Unchanged
2023-12-15 20:30:02.205 - Unchanged
2023-12-16 20:29:41.638 - Unchanged
2023-12-17 20:29:33.247 - Unchanged
2023-12-18 20:29:36.895 - Unchanged
2023-12-19 20:29:21.199 - Unchanged
2023-12-20 20:29:44.608 - Unchanged
2023-12-21 20:29:30.259 - Unchanged
2023-12-22 20:29:46.185 - Unchanged
2023-12-23 20:29:44.617 - Unchanged
2023-12-24 20:29:34.799 - Unchanged
2023-12-25 20:29:50.543 - Unchanged
2023-12-26 20:29:23.435 - Unchanged
2023-12-27 20:29:33.770 - Unchanged
2023-12-28 20:29:18.807 - Unchanged
2023-12-29 20:29:24.073 - Unchanged
2023-12-30 20:29:13.863 - Unchanged
2023-12-31 20:29:17.783 - Unchanged
2024-01-01 20:29:34.924 - Unchanged
2024-01-02 20:29:24.065 - Unchanged
2024-01-03 20:29:24.092 - Unchanged
2024-01-04 20:29:19.918 - Unchanged
2024-01-05 20:29:30.420 - Unchanged
2024-01-06 20:29:20.059 - Unchanged
2024-01-07 20:29:42.123 - Unchanged
2024-01-08 20:29:50.392 - Unchanged
2024-01-09 20:29:18.350 - Unchanged
2024-01-10 20:29:34.541 - Unchanged
2024-01-11 20:29:50.130 - Failed to download: <urlopen error timed out>
2024-01-12 20:29:21.220 - Updated
2024-01-13 20:29:53.530 - Unchanged
2024-01-14 20:29:18.594 - Unchanged
2024-01-15 20:29:52.951 - Unchanged
2024-01-16 20:29:37.112 - Unchanged
2024-01-17 20:29:46.157 - Unchanged
2024-01-18 20:29:49.362 - Unchanged
2024-01-19 20:29:17.468 - Unchanged
2024-01-20 20:29:37.184 - Unchanged
2024-01-21 20:29:25.334 - Unchanged
2024-01-22 20:29:42.337 - Unchanged
2024-01-23 20:29:48.610 - Unchanged
2024-01-24 20:30:58.590 - Unchanged
2024-01-25 20:29:27.363 - Unchanged
2024-01-26 20:29:32.568 - Unchanged
2024-01-27 20:29:22.627 - Unchanged
2024-01-28 20:29:43.109 - Unchanged
2024-01-29 20:29:39.442 - Unchanged
2024-01-30 20:29:33.314 - Unchanged
2024-01-31 20:29:20.232 - Unchanged
2024-02-01 20:29:27.451 - Unchanged
2024-02-02 20:29:33.541 - Unchanged
2024-02-03 20:29:19.116 - Unchanged
2024-02-04 20:29:56.087 - Unchanged
2024-02-05 20:29:35.409 - Unchanged
2024-02-06 20:29:28.541 - Unchanged
2024-02-07 20:29:34.704 - Unchanged
2024-02-08 20:29:32.819 - Unchanged
2024-02-09 20:29:43.489 - Unchanged
2024-02-10 20:29:45.604 - Unchanged
2024-02-11 20:29:37.896 - Unchanged
2024-02-12 20:29:40.521 - Updated
2024-02-13 20:30:16.017 - Unchanged
2024-02-14 20:29:28.433 - Unchanged
2024-02-15 20:29:46.420 - Unchanged
2024-02-16 20:29:21.306 - Unchanged
2024-02-17 20:29:42.981 - Unchanged
2024-02-18 20:29:27.724 - Unchanged
2024-02-19 20:29:34.877 - Unchanged
2024-02-20 20:29:22.483 - Unchanged
2024-02-21 20:29:45.262 - Unchanged
2024-02-22 20:29:47.506 - Unchanged
2024-02-23 20:29:25.062 - Unchanged
2024-02-24 20:29:31.871 - Unchanged
2024-02-25 20:29:22.146 - Unchanged
2024-02-26 20:29:27.827 - Unchanged
2024-02-27 20:29:19.364 - Unchanged
2024-02-28 20:29:42.919 - Unchanged
2024-02-29 20:29:27.492 - Unchanged
2024-03-01 20:29:36.743 - Unchanged
2024-03-02 20:29:41.080 - Unchanged
2024-03-03 20:29:36.989 - Unchanged
2024-03-04 20:29:25.603 - Unchanged
2024-03-05 20:29:52.264 - Unchanged
2024-03-06 20:29:28.070 - Unchanged
2024-03-07 20:29:46.631 - Unchanged
2024-03-08 20:29:29.037 - Unchanged
2024-03-09 20:29:26.816 - Unchanged
2024-03-10 20:29:27.975 - Unchanged
2024-03-11 20:29:29.820 - Unchanged
2024-03-12 20:29:43.834 - Updated
2024-03-13 20:29:16.510 - Unchanged
2024-03-14 20:29:26.038 - Unchanged
2024-03-15 20:29:18.628 - Unchanged
2024-03-16 20:29:21.467 - Unchanged
2024-03-17 20:29:40.127 - Unchanged
2024-03-18 20:29:23.980 - Unchanged
2024-03-19 20:29:38.312 - Unchanged
2024-03-20 20:29:33.771 - Unchanged
2024-03-21 20:29:37.293 - Unchanged
2024-03-22 20:29:28.626 - Unchanged
2024-03-23 20:29:41.056 - Unchanged
2024-03-24 20:29:14.355 - Failed to download: <urlopen error 530 Sorry, the maximum number of allowed clients (20) are already connected.>
2024-03-25 20:29:34.523 - Unchanged
2024-03-26 20:29:50.342 - Unchanged
2024-03-27 20:29:22.466 - Unchanged
2024-03-28 20:29:29.668 - Unchanged
2024-03-29 20:29:22.863 - Unchanged
2024-03-30 20:29:48.450 - Unchanged
2024-03-31 20:29:37.681 - Unchanged
2024-04-01 20:29:29.858 - Unchanged
2024-04-02 20:30:01.884 - Unchanged
2024-04-03 20:29:21.498 - Unchanged
2024-04-04 20:29:25.738 - Unchanged
2024-04-05 20:29:18.912 - Unchanged
2024-04-06 20:29:45.780 - Unchanged
2024-04-07 20:29:28.323 - Unchanged
2024-04-08 20:29:35.623 - Unchanged
2024-04-09 20:29:19.164 - Unchanged
2024-04-10 20:29:33.865 - Unchanged
2024-04-11 20:29:26.237 - Unchanged
2024-04-12 20:29:23.833 - Updated
2024-04-13 20:29:32.863 - Unchanged
2024-04-14 23:26:58.555 - Unchanged
2024-04-16 20:29:19.440 - Unchanged
2024-04-17 20:29:16.825 - Unchanged
2024-04-18 20:29:30.209 - Unchanged
2024-04-19 20:29:29.660 - Unchanged
2024-04-20 20:29:21.980 - Unchanged
2024-04-21 20:29:24.992 - Unchanged
2024-05-10 20:29:31.172 - Unchanged
2024-05-11 20:29:30.812 - Unchanged
2024-05-12 20:29:43.153 - Unchanged
2024-05-13 20:29:20.631 - Unchanged
2024-05-14 20:29:37.853 - Updated
2024-05-15 20:30:39.179 - Unchanged
2024-05-16 20:29:38.870 - Unchanged
2024-05-17 20:29:36.765 - Unchanged
2024-05-18 20:29:23.415 - Unchanged
2024-05-19 20:29:30.521 - Unchanged
2024-05-20 20:29:25.617 - Unchanged
2024-05-21 20:29:31.728 - Unchanged
2024-05-22 20:29:34.374 - Unchanged
2024-05-23 20:29:32.550 - Unchanged
2024-05-24 20:29:27.871 - Unchanged
2024-05-25 20:29:17.126 - Unchanged
2024-05-26 20:29:30.667 - Unchanged
2024-05-27 20:29:39.353 - Unchanged
2024-05-28 20:29:17.144 - Unchanged
2024-05-29 20:29:33.634 - Unchanged
2024-05-30 20:29:32.811 - Unchanged
2024-05-31 20:29:25.914 - Unchanged
2024-06-01 20:29:31.565 - Unchanged
2024-06-02 20:29:33.611 - Unchanged
2024-06-03 20:29:22.541 - Unchanged
2024-06-04 20:29:23.088 - Unchanged
2024-06-05 20:29:36.210 - Unchanged
2024-06-06 20:31:26.055 - Unchanged
2024-06-07 20:29:24.616 - Unchanged
2024-06-08 20:29:44.258 - Unchanged
2024-06-09 20:31:08.654 - Unchanged
2024-06-10 20:29:44.880 - Unchanged
2024-06-11 20:29:28.044 - Unchanged
2024-06-12 20:30:52.110 - Unchanged
2024-06-13 20:31:19.523 - Unchanged
2024-06-14 20:29:42.488 - Unchanged
2024-06-15 20:30:15.033 - Unchanged
2024-06-16 20:29:32.841 - Unchanged
2024-06-17 20:29:18.565 - Unchanged
2024-06-18 20:29:38.248 - Unchanged
2024-06-19 20:29:22.063 - Unchanged
2024-06-20 20:29:35.464 - Unchanged
2024-06-21 20:29:46.823 - Unchanged
2024-06-22 20:29:35.825 - Unchanged
2024-06-23 20:29:35.983 - Unchanged
2024-06-24 20:29:26.395 - Unchanged
2024-06-25 20:29:27.818 - Unchanged
2024-06-26 20:31:39.327 - Unchanged
2024-06-27 20:29:37.560 - Unchanged
2024-06-28 20:29:33.983 - Unchanged
2024-06-29 20:29:42.864 - Unchanged
2024-06-30 20:29:19.878 - Unchanged
2024-07-01 20:29:28.607 - Unchanged
2024-07-02 20:32:21.041 - Unchanged
2024-07-03 20:29:25.078 - Unchanged
2024-07-04 20:29:49.774 - Unchanged
2024-07-05 20:29:49.623 - Unchanged
2024-07-06 20:29:32.031 - Unchanged
2024-07-07 20:29:37.954 - Unchanged
2024-07-08 20:30:19.293 - Unchanged
2024-07-09 20:30:27.195 - Unchanged
2024-07-10 20:30:23.949 - Unchanged
2024-07-11 20:29:48.106 - Unchanged
2024-07-12 20:29:30.403 - Unchanged
2024-07-13 20:29:46.347 - Unchanged
2024-07-14 20:29:24.098 - Unchanged
2024-07-15 20:29:37.317 - Unchanged
2024-07-16 20:29:25.892 - Unchanged
2024-07-17 20:29:50.742 - Unchanged
2024-07-18 20:29:59.567 - Unchanged
2024-07-19 20:31:01.734 - Unchanged
2024-07-20 20:29:34.839 - Unchanged
2024-07-21 20:31:28.538 - Unchanged
2024-07-22 20:29:53.084 - Unchanged
2024-07-23 20:29:50.429 - Unchanged
2024-07-24 20:29:36.935 - Unchanged
2024-07-25 20:29:35.440 - Unchanged
2024-07-26 20:31:03.249 - Unchanged
2024-07-27 20:29:18.872 - Unchanged
2024-07-28 20:29:20.210 - Unchanged
2024-07-29 20:30:51.406 - Unchanged
2024-07-30 20:29:37.845 - Unchanged
2024-07-31 20:30:08.154 - Unchanged
2024-08-01 20:30:38.994 - Unchanged
2024-08-02 20:31:06.512 - Unchanged
2024-08-03 20:29:53.161 - Unchanged
2024-08-04 20:29:38.043 - Unchanged
2024-08-05 20:30:08.577 - Unchanged
2024-08-06 20:29:24.856 - Unchanged
2024-08-07 20:30:22.062 - Unchanged
2024-08-08 20:30:50.880 - Unchanged
2024-08-09 20:30:59.366 - Unchanged
2024-08-10 20:30:34.458 - Unchanged
2024-08-11 20:29:46.349 - Unchanged
2024-08-12 20:30:59.290 - Unchanged
2024-08-13 20:30:51.052 - Unchanged
2024-08-14 20:30:23.445 - Unchanged
2024-08-15 20:29:52.498 - Unchanged
2024-08-16 20:30:56.051 - Unchanged
2024-08-17 20:29:34.839 - Unchanged
2024-08-18 20:29:44.677 - Unchanged
2024-08-19 20:30:30.367 - Unchanged
2024-08-20 20:32:28.476 - Unchanged
2024-08-21 20:33:26.970 - Unchanged
2024-08-22 20:31:18.985 - Unchanged
2024-08-23 20:30:49.848 - Unchanged
2024-08-24 20:30:13.862 - Unchanged
2024-08-25 20:32:55.619 - Unchanged
2024-08-26 20:31:37.199 - Unchanged
2024-08-27 20:31:43.205 - Unchanged
2024-08-28 20:31:40.746 - Unchanged
2024-08-29 20:31:32.990 - Unchanged
2024-08-30 20:32:25.442 - Unchanged
2024-08-31 20:31:16.699 - Unchanged
2024-09-01 20:31:10.787 - Unchanged
2024-09-02 20:32:35.512 - Unchanged
2024-09-03 20:32:44.160 - Unchanged
2024-09-04 20:34:29.951 - Unchanged
2024-09-05 20:32:15.455 - Unchanged
2024-09-06 20:31:21.801 - Unchanged
2024-09-07 20:30:33.873 - Unchanged
2024-09-08 20:30:22.047 - Unchanged
2024-09-09 20:32:24.309 - Unchanged
2024-09-10 20:32:03.801 - Unchanged
2024-09-11 20:31:12.118 - Unchanged
2024-09-12 20:31:59.265 - Unchanged
2024-09-13 20:31:59.468 - Unchanged
2024-09-14 20:32:38.008 - Unchanged
2024-09-15 20:31:14.000 - Unchanged
2024-09-16 20:33:29.408 - Unchanged
2024-09-17 20:32:51.510 - Unchanged
2024-09-18 20:32:44.170 - Unchanged
2024-09-19 20:32:11.614 - Unchanged
2024-09-20 20:33:20.716 - Unchanged
2024-09-21 20:31:03.920 - Unchanged
2024-09-22 20:31:32.472 - Unchanged
2024-09-23 20:34:36.982 - Unchanged
2024-09-24 20:34:22.275 - Unchanged
2024-09-25 20:32:20.587 - Unchanged
2024-09-26 20:33:12.582 - Unchanged
2024-09-27 20:33:15.468 - Unchanged
2024-09-28 20:31:48.053 - Unchanged
2024-09-29 20:31:34.103 - Unchanged
2024-09-30 20:34:03.474 - Unchanged
2024-10-01 20:34:10.953 - Unchanged
2024-10-02 20:36:41.582 - Unchanged
2024-10-03 20:33:35.760 - Unchanged
2024-10-04 20:33:07.596 - Unchanged
2024-10-05 20:31:24.226 - Unchanged
2024-10-06 20:31:25.498 - Unchanged
2024-10-07 20:36:13.874 - Unchanged
2024-10-08 20:29:41.859 - Unchanged
2024-10-09 20:33:47.941 - Unchanged
2024-10-10 20:33:37.518 - Unchanged
2024-10-11 20:39:02.423 - Unchanged
2024-10-12 20:31:30.202 - Unchanged
2024-10-16 20:33:58.656 - Unchanged
2024-11-27 20:39:46.050 - Unchanged
2024-11-28 20:38:35.783 - Updated
2024-11-29 20:38:43.006 - Unchanged
2024-11-30 20:36:35.272 - Unchanged
2024-12-01 20:37:58.919 - Unchanged
2024-12-02 20:39:00.346 - Unchanged
2024-12-03 20:39:59.437 - Unchanged
2024-12-04 20:40:18.335 - Unchanged
2024-12-05 20:40:57.033 - Unchanged
2024-12-06 20:39:45.779 - Unchanged
2024-12-07 20:37:13.406 - Unchanged
2024-12-08 20:37:15.540 - Unchanged
2024-12-09 20:41:06.633 - Unchanged
2024-12-10 20:40:34.714 - Unchanged
2024-12-11 20:40:31.446 - Unchanged
2024-12-12 20:40:30.014 - Updated
2024-12-13 20:39:56.828 - Unchanged
2024-12-14 20:37:32.241 - Unchanged
2024-12-15 20:37:17.886 - Unchanged
2024-12-16 20:40:27.953 - Unchanged
2024-12-17 20:37:39.551 - Unchanged
2024-12-18 20:39:07.221 - Unchanged
