2022-06-08 10:46:41.942 - No way to download: 'T2runtime/clock/gps2utc_c0p.clk'
2022-06-08 10:46:41.957 - Updated
2022-06-09 13:27:33.483 - No way to download: 'T2runtime/clock/gps2utc_c0p.clk'
2022-06-09 13:27:33.504 - Unchanged
2022-06-13 13:42:03.562 - No way to download: 'T2runtime/clock/gps2utc_c0p.clk'
2022-06-13 13:42:03.587 - Unchanged
2022-06-15 16:45:22.259 - No way to download: 'T2runtime/clock/gps2utc_c0p.clk'
2022-06-15 16:45:22.287 - Updated
2022-06-16 18:26:15.138 - No way to download: 'T2runtime/clock/gps2utc_c0p.clk'
2022-06-16 18:26:15.152 - Unchanged
2022-06-17 20:36:23.031 - Unchanged
2022-06-18 20:31:47.888 - Unchanged
2022-06-19 20:32:41.146 - Unchanged
2022-06-20 20:34:08.223 - Unchanged
2022-06-21 20:33:32.634 - Unchanged
2022-06-22 20:32:52.244 - Unchanged
2022-06-23 20:34:01.411 - Unchanged
2022-06-27 10:52:27.640 - Unchanged
2022-06-28 20:35:07.154 - Unchanged
2022-06-29 20:36:05.491 - Unchanged
2022-06-30 20:34:24.324 - Unchanged
2022-07-01 20:35:04.166 - Unchanged
2022-07-02 20:32:16.854 - Unchanged
2022-07-03 20:31:45.453 - Unchanged
2022-07-04 20:32:40.873 - Unchanged
2022-07-05 20:34:41.573 - Unchanged
2022-07-06 20:33:07.512 - Unchanged
2022-07-07 20:33:57.655 - Unchanged
2022-07-08 20:37:48.988 - Unchanged
2022-07-09 20:31:55.140 - Unchanged
2022-07-10 20:32:34.196 - Unchanged
2022-07-11 20:34:32.696 - Updated
2022-07-12 20:36:39.402 - Unchanged
2022-07-13 20:34:13.752 - Unchanged
2022-07-14 20:34:53.139 - Unchanged
2022-07-15 20:34:26.295 - Unchanged
2022-07-16 20:32:14.434 - Unchanged
2022-07-17 20:32:42.856 - Unchanged
2022-07-18 20:34:25.476 - Unchanged
2022-07-19 20:35:00.998 - Unchanged
2022-07-20 20:36:46.160 - Unchanged
2022-07-21 20:36:14.199 - Unchanged
2022-07-22 20:35:18.216 - Unchanged
2022-07-23 20:33:48.139 - Unchanged
2022-07-24 20:34:21.700 - Unchanged
2022-07-25 20:33:26.005 - Unchanged
2022-07-26 20:32:24.316 - Unchanged
2022-07-27 20:32:57.095 - Unchanged
2022-07-28 20:35:27.460 - Unchanged
2022-07-29 20:35:57.618 - Unchanged
2022-07-30 20:32:10.241 - Unchanged
2022-07-31 20:33:28.498 - Unchanged
2022-08-01 20:37:40.533 - Unchanged
2022-08-02 20:33:42.362 - Unchanged
2022-08-03 20:34:42.945 - Unchanged
2022-08-04 20:34:37.159 - Unchanged
2022-08-05 20:33:58.107 - Unchanged
2022-08-06 20:32:42.885 - Unchanged
2022-08-07 20:33:30.202 - Unchanged
2022-08-08 20:35:10.686 - Unchanged
2022-08-09 20:35:11.496 - Unchanged
2022-08-10 20:34:01.797 - Unchanged
2022-08-11 20:33:37.282 - Validation failed: New version of T2runtime/clock/gps2utc_c0p.clk clock corrections differ from old version where they overlap in 1 places
2022-08-12 20:33:39.743 - Validation failed: New version of T2runtime/clock/gps2utc_c0p.clk clock corrections differ from old version where they overlap in 1 places
2022-08-13 20:33:33.090 - Validation failed: New version of T2runtime/clock/gps2utc_c0p.clk clock corrections differ from old version where they overlap in 1 places
2022-08-14 20:32:47.651 - Validation failed: New version of T2runtime/clock/gps2utc_c0p.clk clock corrections differ from old version where they overlap in 1 places
2022-08-15 20:34:09.333 - Validation failed: New version of T2runtime/clock/gps2utc_c0p.clk clock corrections differ from old version where they overlap in 1 places
2022-08-16 20:33:21.899 - Validation failed: New version of T2runtime/clock/gps2utc_c0p.clk clock corrections differ from old version where they overlap in 1 places
2022-08-17 20:34:02.978 - Validation failed: New version of T2runtime/clock/gps2utc_c0p.clk clock corrections differ from old version where they overlap in 1 places
2022-08-18 20:36:44.613 - Validation failed: New version of T2runtime/clock/gps2utc_c0p.clk clock corrections differ from old version where they overlap in 1 places
2022-08-19 20:35:01.749 - Validation failed: New version of T2runtime/clock/gps2utc_c0p.clk clock corrections differ from old version where they overlap in 1 places
2022-08-20 20:33:20.418 - Validation failed: New version of T2runtime/clock/gps2utc_c0p.clk clock corrections differ from old version where they overlap in 1 places
2022-08-21 20:33:33.504 - Validation failed: New version of T2runtime/clock/gps2utc_c0p.clk clock corrections differ from old version where they overlap in 1 places
2022-08-22 20:33:34.014 - Validation failed: New version of T2runtime/clock/gps2utc_c0p.clk clock corrections differ from old version where they overlap in 1 places
2022-08-23 20:34:34.105 - Validation failed: New version of T2runtime/clock/gps2utc_c0p.clk clock corrections differ from old version where they overlap in 1 places
2022-08-24 20:34:32.784 - Validation failed: New version of T2runtime/clock/gps2utc_c0p.clk clock corrections differ from old version where they overlap in 1 places
2022-08-25 20:34:52.275 - Validation failed: New version of T2runtime/clock/gps2utc_c0p.clk clock corrections differ from old version where they overlap in 1 places
2022-08-26 20:34:36.950 - Validation failed: New version of T2runtime/clock/gps2utc_c0p.clk clock corrections differ from old version where they overlap in 1 places
2022-08-27 20:33:44.136 - Validation failed: New version of T2runtime/clock/gps2utc_c0p.clk clock corrections differ from old version where they overlap in 1 places
2022-08-28 20:34:12.081 - Validation failed: New version of T2runtime/clock/gps2utc_c0p.clk clock corrections differ from old version where they overlap in 1 places
2022-08-29 20:35:23.143 - Validation failed: New version of T2runtime/clock/gps2utc_c0p.clk clock corrections differ from old version where they overlap in 1 places
2022-08-30 20:35:27.567 - Validation failed: New version of T2runtime/clock/gps2utc_c0p.clk clock corrections differ from old version where they overlap in 1 places
2022-08-31 16:37:46.540 - Validation failed: New version of T2runtime/clock/gps2utc_c0p.clk has decreased from 4201 to 4171 measurements.
2022-09-01 20:35:40.768 - Updated
2022-09-02 20:34:52.716 - Unchanged
2022-09-03 20:34:22.345 - Unchanged
2022-09-04 20:35:16.200 - Unchanged
2022-09-05 20:35:28.600 - Unchanged
2022-09-06 20:35:58.451 - Unchanged
2022-09-07 20:40:06.098 - Unchanged
2022-09-08 20:39:22.276 - Unchanged
2022-09-09 20:38:12.889 - Updated
2022-09-10 20:36:42.421 - Unchanged
2022-09-11 20:36:51.441 - Unchanged
2022-09-12 20:38:20.855 - Unchanged
2022-09-13 20:37:37.256 - Unchanged
2022-09-14 20:39:52.057 - Unchanged
2022-09-15 20:40:55.637 - Unchanged
2022-09-16 20:38:09.960 - Unchanged
2022-09-17 20:36:44.652 - Unchanged
2022-09-18 20:37:35.426 - Unchanged
2022-09-19 20:40:28.579 - Unchanged
2022-09-20 20:39:15.031 - Unchanged
2022-09-21 20:38:51.793 - Unchanged
2022-09-22 20:39:24.144 - Unchanged
2022-09-23 20:39:07.568 - Unchanged
2022-09-24 20:37:25.918 - Unchanged
2022-09-25 20:37:43.696 - Unchanged
2022-09-26 20:39:22.858 - Unchanged
2022-09-27 20:41:43.987 - Unchanged
2022-09-28 20:41:23.783 - Unchanged
2022-09-29 20:43:04.699 - Unchanged
2022-09-30 20:41:30.626 - Unchanged
2022-10-01 20:40:08.252 - Unchanged
2022-10-02 20:39:39.706 - Unchanged
2022-10-03 20:42:12.295 - Unchanged
2022-10-04 20:43:58.684 - Unchanged
2022-10-05 20:42:12.788 - Unchanged
2022-10-06 20:41:50.814 - Unchanged
2022-10-07 20:41:30.274 - Unchanged
2022-10-08 20:39:38.994 - Unchanged
2022-10-09 20:40:36.555 - Unchanged
2022-10-10 20:41:52.081 - Unchanged
2022-10-11 20:43:27.794 - Updated
2022-10-12 20:43:12.700 - Unchanged
2022-10-13 20:42:35.977 - Unchanged
2022-10-14 20:45:27.331 - Unchanged
2022-10-15 20:40:46.508 - Unchanged
2022-10-16 20:41:15.514 - Unchanged
2022-10-17 20:42:39.443 - Unchanged
2022-10-18 20:42:55.187 - Unchanged
2022-10-19 20:43:34.318 - Unchanged
2022-10-20 20:43:20.495 - Unchanged
2022-10-21 20:41:57.496 - Unchanged
2022-10-22 20:41:22.200 - Unchanged
2022-10-23 20:41:35.497 - Unchanged
2022-10-24 20:43:24.965 - Unchanged
2022-10-25 20:44:29.629 - Unchanged
2022-10-26 20:37:20.567 - Unchanged
2022-10-27 20:36:39.672 - Unchanged
2022-10-28 20:37:46.957 - Unchanged
2022-10-29 20:35:14.224 - Unchanged
2022-10-30 20:35:45.032 - Unchanged
2022-10-31 20:37:50.071 - Unchanged
2022-11-01 20:37:59.863 - Unchanged
2022-11-02 20:34:08.736 - Unchanged
2022-11-03 20:28:50.800 - Unchanged
2022-11-04 20:36:41.888 - Unchanged
2022-11-05 20:35:35.283 - Unchanged
2022-11-06 20:33:41.735 - Unchanged
2022-11-07 20:35:54.065 - Unchanged
2022-11-08 20:36:19.633 - Unchanged
2022-11-09 20:34:48.859 - Unchanged
2022-11-10 20:35:50.310 - Updated
2022-11-11 20:34:48.672 - Unchanged
2022-11-12 20:33:43.614 - Unchanged
2022-11-13 20:33:39.759 - Unchanged
2022-11-14 20:34:23.476 - Unchanged
2022-11-15 20:33:01.582 - Unchanged
2022-11-16 20:32:58.277 - Unchanged
2022-11-17 20:32:48.287 - Unchanged
2022-11-18 20:32:39.151 - Unchanged
2022-11-19 20:32:04.560 - Unchanged
2022-11-20 20:31:45.862 - Unchanged
2022-11-21 20:30:53.600 - Unchanged
2022-11-22 20:30:46.562 - Unchanged
2022-11-23 20:30:46.138 - Unchanged
2022-11-24 20:30:28.077 - Unchanged
2022-11-25 20:30:37.428 - Unchanged
2022-11-26 20:30:00.004 - Unchanged
2022-11-27 20:30:03.734 - Unchanged
2022-11-28 20:30:15.120 - Unchanged
2022-11-29 20:29:56.575 - Unchanged
2022-11-30 20:31:21.685 - Unchanged
2022-12-01 20:28:52.238 - Unchanged
2022-12-02 20:29:10.035 - Unchanged
2022-12-03 20:28:10.703 - Unchanged
2022-12-04 20:28:36.094 - Unchanged
2022-12-05 20:29:46.915 - Unchanged
2022-12-06 20:28:47.598 - Unchanged
2022-12-07 20:29:38.978 - Unchanged
2022-12-08 20:29:23.129 - Unchanged
2022-12-09 20:32:47.948 - Unchanged
2022-12-10 20:28:48.930 - Unchanged
2022-12-11 20:28:51.014 - Unchanged
2022-12-12 20:29:17.500 - Updated
2022-12-13 20:30:04.760 - Unchanged
2022-12-14 20:29:45.571 - Unchanged
2022-12-15 20:27:46.633 - Unchanged
2022-12-16 20:28:06.404 - Unchanged
2022-12-17 20:26:59.617 - Unchanged
2022-12-18 20:27:11.705 - Unchanged
2022-12-19 20:29:19.470 - Unchanged
2022-12-20 20:28:22.398 - Unchanged
2022-12-21 20:28:10.985 - Unchanged
2022-12-22 20:28:25.807 - Unchanged
2022-12-23 20:28:19.761 - Unchanged
2022-12-24 20:26:54.844 - Unchanged
2022-12-25 20:26:51.227 - Unchanged
2022-12-26 20:27:33.645 - Unchanged
2022-12-27 20:27:42.983 - Unchanged
2022-12-28 20:27:36.776 - Unchanged
2022-12-29 20:27:56.625 - Unchanged
2022-12-30 20:27:22.688 - Unchanged
2022-12-31 20:26:38.462 - Unchanged
2023-01-01 20:27:23.616 - Unchanged
2023-01-02 20:27:38.303 - Unchanged
2023-01-03 20:28:55.884 - Unchanged
2023-01-04 20:29:15.603 - Unchanged
2023-01-05 20:30:03.377 - Unchanged
2023-01-06 20:28:36.682 - Unchanged
2023-01-07 20:27:05.550 - Unchanged
2023-01-08 20:27:16.085 - Unchanged
2023-01-09 20:30:47.875 - Unchanged
2023-01-10 20:29:06.569 - Unchanged
2023-01-11 20:29:42.180 - Unchanged
2023-01-12 20:29:52.634 - Unchanged
2023-01-13 20:29:23.581 - Updated
2023-01-14 20:27:21.412 - Unchanged
2023-01-15 20:27:17.575 - Unchanged
2023-01-16 20:28:26.176 - Unchanged
2023-01-17 20:27:45.850 - Unchanged
2023-01-18 20:29:03.405 - Unchanged
2023-01-19 20:29:23.142 - Unchanged
2023-01-20 20:28:54.128 - Unchanged
2023-01-21 20:26:59.367 - Unchanged
2023-01-22 20:27:44.138 - Unchanged
2023-01-23 20:28:46.350 - Unchanged
2023-01-24 20:28:14.339 - Unchanged
2023-01-25 20:28:07.474 - Unchanged
2023-01-26 20:27:48.801 - Unchanged
2023-01-27 20:28:26.009 - Unchanged
2023-01-28 20:26:52.140 - Unchanged
2023-01-29 20:26:45.322 - Unchanged
2023-01-30 20:28:54.418 - Unchanged
2023-01-31 20:28:54.601 - Unchanged
2023-02-01 20:29:14.760 - Unchanged
2023-02-02 20:29:04.488 - Unchanged
2023-02-03 20:28:49.767 - Unchanged
2023-02-04 20:27:12.033 - Unchanged
2023-02-05 20:27:09.265 - Unchanged
2023-02-06 20:29:45.042 - Unchanged
2023-02-07 20:29:10.706 - Unchanged
2023-02-08 20:29:35.778 - Unchanged
2023-02-09 20:29:56.162 - Unchanged
2023-02-10 20:29:37.262 - Updated
2023-02-11 20:27:36.638 - Unchanged
2023-02-12 20:28:19.724 - Unchanged
2023-02-13 20:30:37.101 - Unchanged
2023-02-14 20:29:41.495 - Unchanged
2023-02-15 20:29:53.798 - Unchanged
2023-02-16 20:29:15.443 - Unchanged
2023-02-17 20:29:49.567 - Unchanged
2023-02-18 20:28:18.564 - Unchanged
2023-02-19 20:28:36.124 - Unchanged
2023-02-20 20:29:00.567 - Unchanged
2023-02-21 20:30:26.109 - Unchanged
2023-02-22 20:29:58.900 - Unchanged
2023-02-23 20:30:33.311 - Unchanged
2023-02-24 20:30:16.083 - Unchanged
2023-02-25 20:29:14.312 - Unchanged
2023-02-26 20:28:43.315 - Unchanged
2023-02-27 20:30:42.972 - Unchanged
2023-02-28 20:30:52.164 - Unchanged
2023-03-01 20:30:48.762 - Unchanged
2023-03-02 20:30:44.665 - Unchanged
2023-03-03 20:29:52.008 - Unchanged
2023-03-04 20:28:05.192 - Unchanged
2023-03-05 20:28:29.721 - Unchanged
2023-03-06 20:30:57.431 - Unchanged
2023-03-07 20:30:35.302 - Unchanged
2023-03-08 20:30:14.642 - Unchanged
2023-03-09 20:30:56.490 - Unchanged
2023-03-10 20:28:33.199 - Updated
2023-03-11 20:27:26.163 - Unchanged
2023-03-12 20:27:25.592 - Unchanged
2023-03-13 20:28:35.959 - Unchanged
2023-03-14 20:34:46.923 - Unchanged
2023-03-15 20:29:29.579 - Unchanged
2023-03-16 20:29:05.571 - Unchanged
2023-03-17 20:28:54.024 - Unchanged
2023-03-18 20:27:22.140 - Unchanged
2023-03-19 20:28:06.634 - Unchanged
2023-03-20 20:27:16.841 - Unchanged
2023-03-21 20:26:23.941 - Unchanged
2023-03-22 20:26:16.218 - Unchanged
2023-03-23 20:27:43.587 - Unchanged
2023-03-24 20:27:46.288 - Unchanged
2023-03-25 20:26:23.466 - Unchanged
2023-03-26 20:26:03.894 - Unchanged
2023-03-27 20:29:26.707 - Unchanged
2023-03-28 20:28:19.866 - Unchanged
2023-03-29 20:28:29.423 - Unchanged
2023-03-30 20:27:37.662 - Unchanged
2023-03-31 20:25:38.991 - Unchanged
2023-04-01 20:25:30.802 - Unchanged
2023-04-02 20:24:48.661 - Unchanged
2023-04-03 20:26:04.238 - Unchanged
2023-04-04 20:27:40.021 - Unchanged
2023-04-05 20:28:47.533 - Unchanged
2023-04-06 20:26:06.524 - Unchanged
2023-04-07 20:25:41.067 - Unchanged
2023-04-08 20:25:14.502 - Unchanged
2023-04-09 20:25:00.626 - Unchanged
2023-04-10 20:26:06.687 - Unchanged
2023-04-11 20:26:04.427 - Unchanged
2023-04-12 20:26:21.747 - Updated
2023-12-07 20:29:33.105 - Updated
2023-12-08 20:29:39.684 - Unchanged
2023-12-09 20:29:17.520 - Unchanged
2023-12-10 20:29:48.055 - Unchanged
2023-12-11 20:29:36.746 - Updated
2023-12-12 20:29:37.744 - Unchanged
2023-12-13 20:29:43.331 - Unchanged
2023-12-14 20:29:29.643 - Unchanged
2023-12-15 20:30:02.241 - Unchanged
2023-12-16 20:29:41.678 - Unchanged
2023-12-17 20:29:33.281 - Unchanged
2023-12-18 20:29:36.932 - Unchanged
2023-12-19 20:29:21.233 - Unchanged
2023-12-20 20:29:44.643 - Unchanged
2023-12-21 20:29:30.294 - Unchanged
2023-12-22 20:29:46.219 - Unchanged
2023-12-23 20:29:44.651 - Unchanged
2023-12-24 20:29:34.833 - Unchanged
2023-12-25 20:29:50.578 - Unchanged
2023-12-26 20:29:23.470 - Unchanged
2023-12-27 20:29:33.806 - Unchanged
2023-12-28 20:29:18.840 - Unchanged
2023-12-29 20:29:24.107 - Unchanged
2023-12-30 20:29:13.896 - Unchanged
2023-12-31 20:29:17.818 - Unchanged
2024-01-01 20:29:34.958 - Unchanged
2024-01-02 20:29:24.099 - Unchanged
2024-01-03 20:29:24.126 - Unchanged
2024-01-04 20:29:19.952 - Unchanged
2024-01-05 20:29:30.456 - Unchanged
2024-01-06 20:29:20.093 - Unchanged
2024-01-07 20:29:42.157 - Unchanged
2024-01-08 20:29:50.430 - Unchanged
2024-01-09 20:29:18.399 - Unchanged
2024-01-10 20:29:34.579 - Unchanged
2024-01-11 20:30:03.651 - Updated
2024-01-12 20:29:21.253 - Unchanged
2024-01-13 20:29:53.565 - Unchanged
2024-01-14 20:29:18.628 - Unchanged
2024-01-15 20:29:52.985 - Unchanged
2024-01-16 20:29:37.146 - Unchanged
2024-01-17 20:29:46.192 - Unchanged
2024-01-18 20:29:49.398 - Unchanged
2024-01-19 20:29:17.502 - Unchanged
2024-01-20 20:29:37.218 - Unchanged
2024-01-21 20:29:25.369 - Unchanged
2024-01-22 20:29:42.372 - Unchanged
2024-01-23 20:29:48.643 - Unchanged
2024-01-24 20:30:58.627 - Unchanged
2024-01-25 20:29:27.395 - Unchanged
2024-01-26 20:29:32.602 - Unchanged
2024-01-27 20:29:22.661 - Unchanged
2024-01-28 20:29:43.144 - Unchanged
2024-01-29 20:29:39.476 - Unchanged
2024-01-30 20:29:33.353 - Unchanged
2024-01-31 20:29:20.273 - Unchanged
2024-02-01 20:29:27.485 - Unchanged
2024-02-02 20:29:33.575 - Unchanged
2024-02-03 20:29:19.150 - Unchanged
2024-02-04 20:29:56.120 - Unchanged
2024-02-05 20:29:35.456 - Unchanged
2024-02-06 20:29:28.575 - Unchanged
2024-02-07 20:29:34.738 - Unchanged
2024-02-08 20:29:32.853 - Unchanged
2024-02-09 20:29:43.523 - Unchanged
2024-02-10 20:29:45.638 - Unchanged
2024-02-11 20:29:37.932 - Unchanged
2024-02-12 20:29:40.609 - Updated
2024-02-13 20:30:16.052 - Unchanged
2024-02-14 20:29:28.468 - Unchanged
2024-02-15 20:29:46.458 - Unchanged
2024-02-16 20:29:21.342 - Unchanged
2024-02-17 20:29:43.015 - Unchanged
2024-02-18 20:29:27.758 - Unchanged
2024-02-19 20:29:34.911 - Unchanged
2024-02-20 20:29:22.517 - Unchanged
2024-02-21 20:29:45.299 - Unchanged
2024-02-22 20:29:47.541 - Unchanged
2024-02-23 20:29:25.102 - Unchanged
2024-02-24 20:29:31.905 - Unchanged
2024-02-25 20:29:22.181 - Unchanged
2024-02-26 20:29:27.863 - Unchanged
2024-02-27 20:29:19.400 - Unchanged
2024-02-28 20:29:42.953 - Unchanged
2024-02-29 20:29:27.529 - Unchanged
2024-03-01 20:29:36.777 - Unchanged
2024-03-02 20:29:41.114 - Unchanged
2024-03-03 20:29:37.023 - Unchanged
2024-03-04 20:29:25.637 - Unchanged
2024-03-05 20:29:52.301 - Unchanged
2024-03-06 20:29:28.105 - Unchanged
2024-03-07 20:29:46.666 - Unchanged
2024-03-08 20:29:29.071 - Unchanged
2024-03-09 20:29:26.850 - Unchanged
2024-03-10 20:29:28.012 - Unchanged
2024-03-11 20:29:29.856 - Unchanged
2024-03-12 20:29:43.923 - Updated
2024-03-13 20:29:16.545 - Unchanged
2024-03-14 20:29:26.072 - Unchanged
2024-03-15 20:29:18.663 - Unchanged
2024-03-16 20:29:21.501 - Unchanged
2024-03-17 20:29:40.163 - Unchanged
2024-03-18 20:29:24.015 - Unchanged
2024-03-19 20:29:38.346 - Unchanged
2024-03-20 20:29:33.805 - Unchanged
2024-03-21 20:29:37.328 - Unchanged
2024-03-22 20:29:28.660 - Unchanged
2024-03-23 20:29:41.092 - Unchanged
2024-03-24 20:29:16.287 - Unchanged
2024-03-25 20:29:34.557 - Unchanged
2024-03-26 20:29:50.376 - Unchanged
2024-03-27 20:29:22.500 - Unchanged
2024-03-28 20:29:29.702 - Unchanged
2024-03-29 20:29:22.897 - Unchanged
2024-03-30 20:29:48.484 - Unchanged
2024-03-31 20:29:37.716 - Unchanged
2024-04-01 20:29:29.894 - Unchanged
2024-04-02 20:30:01.923 - Unchanged
2024-04-03 20:29:21.533 - Unchanged
2024-04-04 20:29:25.773 - Unchanged
2024-04-05 20:29:18.946 - Unchanged
2024-04-06 20:29:45.814 - Unchanged
2024-04-07 20:29:28.357 - Unchanged
2024-04-08 20:29:35.657 - Unchanged
2024-04-09 20:29:19.198 - Unchanged
2024-04-10 20:29:33.899 - Unchanged
2024-04-11 20:29:26.272 - Unchanged
2024-04-12 20:29:23.922 - Updated
2024-04-13 20:29:32.899 - Unchanged
2024-04-14 23:26:58.589 - Unchanged
2024-04-16 20:29:19.474 - Unchanged
2024-04-17 20:29:16.860 - Unchanged
2024-04-18 20:29:30.243 - Unchanged
2024-04-19 20:29:29.694 - Unchanged
2024-04-20 20:29:22.014 - Unchanged
2024-04-21 20:29:25.026 - Unchanged
2024-05-10 20:29:31.206 - Unchanged
2024-05-11 20:29:30.846 - Unchanged
2024-05-12 20:29:43.191 - Unchanged
2024-05-13 20:29:20.670 - Unchanged
2024-05-14 20:29:37.944 - Updated
2024-05-15 20:30:39.213 - Unchanged
2024-05-16 20:29:38.905 - Unchanged
2024-05-17 20:29:36.800 - Unchanged
2024-05-18 20:29:23.449 - Unchanged
2024-05-19 20:29:30.555 - Unchanged
2024-05-20 20:29:25.651 - Unchanged
2024-05-21 20:29:31.762 - Unchanged
2024-05-22 20:29:34.408 - Unchanged
2024-05-23 20:29:32.587 - Unchanged
2024-05-24 20:29:27.908 - Unchanged
2024-05-25 20:29:17.160 - Unchanged
2024-05-26 20:29:30.702 - Unchanged
2024-05-27 20:29:39.388 - Unchanged
2024-05-28 20:29:17.178 - Unchanged
2024-05-29 20:29:33.668 - Unchanged
2024-05-30 20:29:32.845 - Unchanged
2024-05-31 20:29:25.949 - Unchanged
2024-06-01 20:29:31.600 - Unchanged
2024-06-02 20:29:33.646 - Unchanged
2024-06-03 20:29:22.575 - Unchanged
2024-06-04 20:29:23.123 - Unchanged
2024-06-05 20:29:36.245 - Unchanged
2024-06-06 20:31:26.091 - Unchanged
2024-06-07 20:29:24.650 - Unchanged
2024-06-08 20:29:44.292 - Unchanged
2024-06-09 20:31:08.687 - Unchanged
2024-06-10 20:29:44.915 - Unchanged
2024-06-11 20:29:28.083 - Unchanged
2024-06-12 20:30:52.150 - Unchanged
2024-06-13 20:31:19.562 - Unchanged
2024-06-14 20:29:42.526 - Unchanged
2024-06-15 20:30:15.073 - Unchanged
2024-06-16 20:29:32.880 - Unchanged
2024-06-17 20:29:18.603 - Unchanged
2024-06-18 20:29:38.287 - Unchanged
2024-06-19 20:29:22.110 - Unchanged
2024-06-20 20:29:35.502 - Unchanged
2024-06-21 20:29:46.863 - Unchanged
2024-06-22 20:29:35.864 - Unchanged
2024-06-23 20:29:36.023 - Unchanged
2024-06-24 20:29:26.434 - Unchanged
2024-06-25 20:29:27.858 - Unchanged
2024-06-26 20:31:39.367 - Unchanged
2024-06-27 20:29:37.599 - Unchanged
2024-06-28 20:29:34.033 - Unchanged
2024-06-29 20:29:42.902 - Unchanged
2024-06-30 20:29:19.918 - Unchanged
2024-07-01 20:29:28.645 - Unchanged
2024-07-02 20:32:21.081 - Unchanged
2024-07-03 20:29:25.118 - Unchanged
2024-07-04 20:29:49.812 - Unchanged
2024-07-05 20:29:49.662 - Unchanged
2024-07-06 20:29:32.071 - Unchanged
2024-07-07 20:29:37.992 - Unchanged
2024-07-08 20:30:19.335 - Unchanged
2024-07-09 20:30:27.234 - Unchanged
2024-07-10 20:30:23.990 - Unchanged
2024-07-11 20:29:48.145 - Unchanged
2024-07-12 20:29:30.443 - Unchanged
2024-07-13 20:29:46.385 - Unchanged
2024-07-14 20:29:24.138 - Unchanged
2024-07-15 20:29:37.357 - Unchanged
2024-07-16 20:29:25.931 - Unchanged
2024-07-17 20:29:50.782 - Unchanged
2024-07-18 20:29:59.607 - Unchanged
2024-07-19 20:31:01.777 - Unchanged
2024-07-20 20:29:34.877 - Unchanged
2024-07-21 20:31:28.576 - Unchanged
2024-07-22 20:29:53.123 - Unchanged
2024-07-23 20:29:50.468 - Unchanged
2024-07-24 20:29:36.973 - Unchanged
2024-07-25 20:29:35.478 - Unchanged
2024-07-26 20:31:03.295 - Unchanged
2024-07-27 20:29:18.912 - Unchanged
2024-07-28 20:29:20.249 - Unchanged
2024-07-29 20:30:51.443 - Unchanged
2024-07-30 20:29:37.882 - Unchanged
2024-07-31 20:30:08.192 - Unchanged
2024-08-01 20:30:39.033 - Unchanged
2024-08-02 20:31:06.551 - Unchanged
2024-08-03 20:29:53.200 - Unchanged
2024-08-04 20:29:38.082 - Unchanged
2024-08-05 20:30:08.617 - Unchanged
2024-08-06 20:29:24.894 - Unchanged
2024-08-07 20:30:22.109 - Unchanged
2024-08-08 20:30:50.919 - Unchanged
2024-08-09 20:30:59.405 - Unchanged
2024-08-10 20:30:34.499 - Unchanged
2024-08-11 20:29:46.388 - Unchanged
2024-08-12 20:30:59.335 - Unchanged
2024-08-13 20:30:51.094 - Unchanged
2024-08-14 20:30:23.487 - Unchanged
2024-08-15 20:29:52.538 - Unchanged
2024-08-16 20:30:56.092 - Unchanged
2024-08-17 20:29:34.878 - Unchanged
2024-08-18 20:29:44.716 - Unchanged
2024-08-19 20:30:30.406 - Unchanged
2024-08-20 20:32:28.515 - Unchanged
2024-08-21 20:33:27.009 - Unchanged
2024-08-22 20:31:19.024 - Unchanged
2024-08-23 20:30:49.888 - Unchanged
2024-08-24 20:30:13.901 - Unchanged
2024-08-25 20:32:55.660 - Unchanged
2024-08-26 20:31:37.240 - Unchanged
2024-08-27 20:31:43.244 - Unchanged
2024-08-28 20:31:40.785 - Unchanged
2024-08-29 20:31:33.029 - Unchanged
2024-08-30 20:32:25.481 - Unchanged
2024-08-31 20:31:16.738 - Unchanged
2024-09-01 20:31:10.826 - Unchanged
2024-09-02 20:32:35.551 - Unchanged
2024-09-03 20:32:44.202 - Unchanged
2024-09-04 20:34:29.989 - Unchanged
2024-09-05 20:32:15.494 - Unchanged
2024-09-06 20:31:21.843 - Unchanged
2024-09-07 20:30:33.912 - Unchanged
2024-09-08 20:30:22.092 - Unchanged
2024-09-09 20:32:24.351 - Unchanged
2024-09-10 20:32:03.840 - Unchanged
2024-09-11 20:31:12.161 - Unchanged
2024-09-12 20:31:59.305 - Unchanged
2024-09-13 20:31:59.508 - Unchanged
