2022-06-23 14:08:50.993 - Failed to download: The read operation timed out
2022-06-23 14:15:50.040 - Updated
2022-06-30 20:34:44.803 - Failed to download: The read operation timed out
2022-07-04 14:50:38.399 - Unchanged
2022-07-11 20:34:36.789 - Updated
2022-07-18 20:34:30.484 - Unchanged
2022-07-25 20:33:31.267 - Updated
2022-08-01 20:37:43.896 - Unchanged
2022-08-08 20:35:15.765 - Updated
2022-08-15 20:34:21.731 - Failed to download: The read operation timed out
2022-08-22 20:33:37.370 - Unchanged
2022-08-29 20:35:28.170 - Updated
2022-09-05 20:35:40.782 - Failed to download: The read operation timed out
2022-09-12 20:38:32.955 - Failed to download: The read operation timed out
2022-09-19 20:40:34.403 - Updated
2022-09-26 20:39:35.311 - Failed to download: The read operation timed out
2022-10-03 20:42:23.768 - Failed to download: The read operation timed out
2022-10-10 20:41:57.569 - Updated
2022-10-17 20:42:44.233 - Updated
2022-10-24 20:43:28.588 - Unchanged
2022-10-31 20:38:02.379 - Failed to download: <urlopen error _ssl.c:1114: The handshake operation timed out>
2022-11-07 20:36:05.762 - Failed to download: <urlopen error _ssl.c:980: The handshake operation timed out>
2022-11-14 20:34:27.545 - Updated
2022-11-21 20:30:58.113 - Updated
2022-11-28 20:30:26.511 - Failed to download: The read operation timed out
2022-12-05 20:29:52.264 - Unchanged
2022-12-12 20:29:29.623 - Failed to download: The read operation timed out
2022-12-19 20:29:23.770 - Updated
2022-12-26 20:27:38.627 - Unchanged
2023-01-02 20:27:42.066 - Unchanged
2023-01-09 20:30:52.241 - Unchanged
2023-01-16 20:28:30.474 - Updated
2023-01-23 20:29:04.205 - Unchanged
2023-01-30 20:29:13.623 - Unchanged
2023-02-06 20:30:05.862 - Updated
2023-02-13 20:30:42.711 - Unchanged
2023-02-20 20:29:15.524 - Updated
2023-02-27 20:30:57.304 - Unchanged
2023-03-06 20:31:14.944 - Updated
2023-03-13 20:28:50.346 - Unchanged
2023-03-20 20:27:20.432 - Unchanged
2023-03-27 20:29:30.861 - Unchanged
2023-04-03 20:26:07.931 - Unchanged
2023-04-10 20:26:10.263 - Unchanged
2023-12-07 20:29:47.404 - Updated
2023-12-14 20:29:43.300 - Unchanged
2023-12-21 20:29:56.175 - Updated
2023-12-28 20:29:34.840 - Unchanged
2024-01-04 20:29:32.776 - Updated
2024-01-11 20:30:22.102 - Unchanged
2024-01-18 20:30:05.250 - Unchanged
2024-01-25 20:29:40.542 - Unchanged
2024-02-01 20:29:41.481 - Updated
2024-02-08 20:29:46.191 - Updated
2024-02-15 20:30:01.644 - Unchanged
2024-02-22 20:30:01.784 - Unchanged
2024-02-29 20:29:42.096 - Unchanged
2024-03-07 20:30:06.819 - Unchanged
2024-03-14 20:29:41.493 - Unchanged
2024-03-21 20:29:53.172 - Unchanged
2024-03-28 20:29:51.405 - Unchanged
2024-04-04 20:29:44.899 - Unchanged
2024-04-11 20:29:40.709 - Unchanged
2024-04-18 20:29:46.133 - Updated
2024-05-10 20:29:48.819 - Updated
2024-05-17 20:29:50.578 - Unchanged
2024-05-24 20:29:41.581 - Unchanged
2024-05-31 20:29:41.668 - Unchanged
2024-06-07 20:29:36.289 - Unchanged
2024-06-14 20:29:57.559 - Unchanged
2024-06-21 20:29:58.849 - Unchanged
2024-06-28 20:29:55.029 - Failed to download: <urlopen error _ssl.c:990: The handshake operation timed out>
2024-07-05 20:30:07.740 - Unchanged
2024-07-12 20:29:44.446 - Unchanged
2024-07-19 20:31:14.053 - Failed to download: HTTP Error 403: Forbidden
2024-07-26 20:31:14.162 - Failed to download: HTTP Error 403: Forbidden
2024-08-02 20:31:19.452 - Failed to download: HTTP Error 403: Forbidden
2024-08-09 20:31:14.076 - Failed to download: HTTP Error 403: Forbidden
2024-08-16 20:31:06.018 - Failed to download: HTTP Error 403: Forbidden
2024-08-23 20:31:02.824 - Failed to download: HTTP Error 502: Proxy Error
2024-08-30 20:32:35.880 - Failed to download: HTTP Error 403: Forbidden
2024-09-06 20:31:43.821 - Failed to download: The read operation timed out
2024-09-13 20:32:10.289 - Failed to download: HTTP Error 403: Forbidden
2024-09-20 20:33:35.218 - Validation failed: Unable to read new version of T2runtime/clock/mk2utc_observatory.clk: Header line must start with # and contain two time scales: 'The SARAO archive is currently down. We apologise for the inconvenience. We will remove this alert once the archive is available again.\n'
2024-09-27 20:33:26.829 - Failed to download: HTTP Error 403: Forbidden
2024-10-04 20:33:22.425 - Failed to download: HTTP Error 403: Forbidden
2024-10-11 20:39:13.519 - Failed to download: HTTP Error 403: Forbidden
2024-11-27 20:39:59.127 - Failed to download: HTTP Error 403: Forbidden
2024-12-04 20:40:30.649 - Failed to download: HTTP Error 403: Forbidden
2024-12-11 20:40:46.813 - Failed to download: HTTP Error 403: Forbidden
2024-12-18 20:39:27.691 - Failed to download: HTTP Error 403: Forbidden
2024-12-25 20:35:18.261 - Failed to download: HTTP Error 403: Forbidden
2025-01-01 20:35:40.302 - Failed to download: HTTP Error 403: Forbidden
2025-01-08 20:37:07.662 - Failed to download: The read operation timed out
2025-01-15 20:35:17.790 - Updated
2025-01-22 20:35:17.843 - Failed to download: <urlopen error _ssl.c:989: The handshake operation timed out>
2025-01-29 20:35:52.603 - Updated
2025-02-05 20:37:15.621 - Updated
2025-02-12 20:36:46.761 - Unchanged
2025-05-05 14:31:07.654 - Updated
2025-05-12 20:38:56.123 - Updated
2025-05-19 20:42:21.702 - Unchanged
2025-05-26 20:41:14.027 - Updated
2025-06-02 20:44:03.921 - Failed to download: <urlopen error _ssl.c:999: The handshake operation timed out>
2025-06-09 20:44:06.297 - Unchanged
2025-06-16 20:44:23.561 - Unchanged
2025-06-23 20:44:08.669 - Updated
2025-06-30 20:43:39.919 - Unchanged
2025-07-07 20:44:46.829 - Failed to download: <urlopen error _ssl.c:999: The handshake operation timed out>
2025-07-14 20:45:02.678 - Unchanged
2025-07-21 20:45:50.761 - Unchanged
2025-07-28 20:46:35.112 - Updated
2025-08-04 20:47:31.397 - Failed to download: <urlopen error _ssl.c:999: The handshake operation timed out>
2025-08-11 20:42:54.993 - Updated
2025-08-18 20:41:41.526 - Unchanged
2025-08-25 20:42:34.702 - Unchanged
2025-09-01 20:38:34.421 - Updated
2025-09-08 20:40:39.300 - Updated
2025-09-15 20:38:23.219 - Unchanged
2025-09-22 20:40:19.530 - Validation failed: Unable to read new version of T2runtime/clock/mk2utc_observatory.clk: Clock file /tmp/astropy-download-3290-2dyj3b3u appears to be out of order: 60933.96875 > 60929.0
2025-09-29 20:37:22.935 - Validation failed: Unable to read new version of T2runtime/clock/mk2utc_observatory.clk: Clock file /tmp/astropy-download-3302-dwp2zb0z appears to be out of order: 60933.96875 > 60929.0
2025-10-06 20:40:07.077 - Validation failed: Unable to read new version of T2runtime/clock/mk2utc_observatory.clk: Clock file /tmp/astropy-download-3288-vga3zoa1 appears to be out of order: 60933.96875 > 60929.0
2025-10-13 20:39:51.453 - Updated
2025-10-20 20:42:36.844 - Unchanged
2025-10-27 20:40:09.489 - Unchanged
2025-11-03 20:42:59.579 - Unchanged
