2022-06-08 17:10:54.260 - Unchanged
2022-06-15 16:45:36.005 - Unchanged
2022-06-22 20:32:55.301 - Unchanged
2022-06-29 20:36:11.869 - Unchanged
2022-07-06 20:33:11.270 - Unchanged
2022-07-13 20:34:17.039 - Unchanged
2022-07-20 20:36:50.016 - Unchanged
2022-07-27 20:33:05.614 - Unchanged
2022-08-03 20:34:51.409 - Unchanged
2022-08-10 20:34:10.603 - Unchanged
2022-08-17 20:34:06.941 - Unchanged
2022-08-24 20:34:40.842 - Unchanged
2022-08-31 20:34:59.371 - Unchanged
2022-09-07 20:40:08.946 - Unchanged
2022-09-14 20:39:55.423 - Unchanged
2022-09-21 20:38:55.249 - Unchanged
2022-09-28 20:41:30.546 - Unchanged
2022-10-05 20:42:20.509 - Unchanged
2022-10-12 20:43:20.752 - Unchanged
2022-10-19 20:43:42.059 - Unchanged
2022-10-26 20:37:23.574 - Unchanged
2022-11-02 20:34:15.389 - Unchanged
2022-11-09 20:34:51.797 - Unchanged
2022-11-16 20:33:04.459 - Unchanged
2022-11-23 20:30:52.960 - Unchanged
2022-11-30 20:31:27.854 - Unchanged
2022-12-07 20:29:41.782 - Unchanged
2022-12-14 20:29:48.477 - Unchanged
2022-12-21 20:28:18.085 - Validation failed: New version of T2runtime/clock/obspm2gps.clk has decreased from 6851 to 6426 measurements.
2022-12-28 20:27:40.429 - Validation failed: New version of T2runtime/clock/obspm2gps.clk has decreased from 6851 to 6426 measurements.
2023-01-04 20:29:18.982 - Validation failed: New version of T2runtime/clock/obspm2gps.clk has decreased from 6851 to 6426 measurements.
2023-01-11 20:29:45.286 - Validation failed: New version of T2runtime/clock/obspm2gps.clk has decreased from 6851 to 6426 measurements.
2023-01-18 20:29:11.286 - Validation failed: New version of T2runtime/clock/obspm2gps.clk has decreased from 6851 to 6426 measurements.
2023-01-25 20:28:10.757 - Validation failed: New version of T2runtime/clock/obspm2gps.clk has decreased from 6851 to 6426 measurements.
2023-02-01 20:29:17.817 - Validation failed: New version of T2runtime/clock/obspm2gps.clk has decreased from 6851 to 6426 measurements.
2023-02-08 20:29:44.508 - Validation failed: New version of T2runtime/clock/obspm2gps.clk has decreased from 6851 to 6426 measurements.
2023-02-15 20:29:57.099 - Validation failed: New version of T2runtime/clock/obspm2gps.clk has decreased from 6851 to 6426 measurements.
2023-02-22 20:30:01.950 - Validation failed: New version of T2runtime/clock/obspm2gps.clk has decreased from 6851 to 6426 measurements.
2023-03-01 20:30:54.916 - Validation failed: New version of T2runtime/clock/obspm2gps.clk has decreased from 6851 to 6426 measurements.
2023-03-08 20:30:17.588 - Validation failed: New version of T2runtime/clock/obspm2gps.clk has decreased from 6851 to 6426 measurements.
2023-03-15 20:29:38.358 - Validation failed: New version of T2runtime/clock/obspm2gps.clk has decreased from 6851 to 6426 measurements.
2023-03-22 20:26:19.069 - Validation failed: New version of T2runtime/clock/obspm2gps.clk has decreased from 6851 to 6426 measurements.
2023-03-29 20:28:33.139 - Validation failed: New version of T2runtime/clock/obspm2gps.clk has decreased from 6851 to 6426 measurements.
2023-04-05 20:28:51.268 - Validation failed: New version of T2runtime/clock/obspm2gps.clk has decreased from 6851 to 6426 measurements.
2023-04-12 20:26:24.889 - Validation failed: New version of T2runtime/clock/obspm2gps.clk has decreased from 6851 to 6426 measurements.
2023-12-04 18:55:36.397 - Validation failed: New version of T2runtime/clock/obspm2gps.clk has decreased from 6851 to 6426 measurements.
2023-12-06 14:53:13.314 - Validation failed: New version of T2runtime/clock/obspm2gps.clk MJDs differ from old version where they overlap in 5467 places
2023-12-06 14:55:03.110 - Validation failed: New version of T2runtime/clock/obspm2gps.clk MJDs differ from old version where they overlap in 5467 places
2023-12-06 14:56:11.336 - Validation failed: New version of T2runtime/clock/obspm2gps.clk MJDs differ from old version where they overlap in 5467 places
2023-12-06 14:56:11.338 - Updated overriding validation failure
2023-12-13 20:29:55.539 - Failed to download: The read operation timed out
2023-12-20 20:29:45.878 - Unchanged
2023-12-27 20:29:35.187 - Unchanged
2024-01-03 20:29:25.288 - Unchanged
2024-01-10 20:29:35.873 - Unchanged
2024-01-17 20:29:48.280 - Unchanged
2024-01-24 20:31:00.607 - Unchanged
2024-01-31 20:29:21.004 - Unchanged
2024-02-07 20:29:36.791 - Unchanged
2024-02-14 20:29:28.872 - Unchanged
2024-02-21 20:29:47.438 - Unchanged
2024-02-28 20:29:44.178 - Unchanged
2024-03-06 20:29:28.962 - Unchanged
2024-03-13 20:29:17.155 - Unchanged
2024-03-20 20:29:34.443 - Unchanged
2024-03-27 20:29:23.501 - Unchanged
2024-04-03 20:29:22.726 - Unchanged
2024-04-10 20:29:35.068 - Unchanged
2024-04-17 20:29:17.765 - Unchanged
2024-05-10 20:29:51.743 - Unchanged
2024-05-17 20:29:52.593 - Unchanged
2024-05-24 20:29:42.304 - Unchanged
2024-05-31 20:29:42.559 - Unchanged
2024-06-07 20:29:36.988 - Unchanged
2024-06-14 20:29:59.887 - Unchanged
2024-06-21 20:29:59.496 - Unchanged
2024-06-28 20:29:56.198 - Unchanged
2024-07-05 20:30:09.977 - Unchanged
2024-07-12 20:29:45.418 - Unchanged
2024-07-19 20:31:15.296 - Unchanged
2024-07-26 20:31:15.464 - Unchanged
2024-08-02 20:31:21.262 - Unchanged
2024-08-09 20:31:14.982 - Unchanged
2024-08-16 20:31:06.966 - Unchanged
2024-08-23 20:31:03.801 - Unchanged
2024-08-30 20:32:36.804 - Unchanged
2024-09-06 20:31:44.755 - Unchanged
2024-09-13 20:32:11.283 - Unchanged
2024-09-20 20:33:36.221 - Unchanged
2024-09-27 20:33:27.800 - Unchanged
2024-10-04 20:33:23.731 - Unchanged
2024-10-11 20:39:14.894 - Unchanged
2024-11-27 20:40:00.841 - Unchanged
2024-12-04 20:40:31.852 - Unchanged
2024-12-11 20:40:49.402 - Unchanged
2024-12-18 20:39:30.291 - Unchanged
2024-12-25 20:35:19.502 - Unchanged
2025-01-01 20:35:42.507 - Unchanged
2025-01-08 20:37:10.306 - Unchanged
2025-01-15 20:35:20.498 - Unchanged
2025-01-22 20:35:19.040 - Unchanged
2025-01-29 20:35:55.171 - Unchanged
2025-02-05 20:37:16.796 - Unchanged
2025-02-12 20:36:47.943 - Unchanged
2025-05-05 14:31:09.273 - Unchanged
2025-05-12 20:38:58.043 - Unchanged
2025-05-19 20:42:23.479 - Unchanged
2025-05-26 20:41:16.437 - Unchanged
2025-06-02 20:44:07.021 - Unchanged
2025-06-09 20:44:08.610 - Unchanged
2025-06-16 20:44:26.725 - Unchanged
2025-06-23 20:44:10.385 - Unchanged
2025-06-30 20:43:43.031 - Unchanged
2025-07-07 20:44:49.926 - Unchanged
2025-07-14 20:45:04.898 - Unchanged
2025-07-21 20:45:52.582 - Unchanged
2025-07-28 20:46:37.027 - Unchanged
2025-08-04 20:47:33.792 - Unchanged
2025-08-11 20:42:57.306 - Unchanged
2025-08-18 20:41:43.938 - Unchanged
2025-08-25 20:42:38.516 - Unchanged
2025-09-01 20:38:37.942 - Unchanged
2025-09-08 20:40:41.110 - Unchanged
2025-09-15 20:38:24.971 - Unchanged
2025-09-22 20:40:22.496 - Unchanged
2025-09-29 20:37:24.688 - Unchanged
2025-10-06 20:40:08.903 - Unchanged
2025-10-13 20:39:53.317 - Unchanged
2025-10-20 20:42:38.744 - Unchanged
